
[2022-03-09T21:30:41.915Z] Error: Module backend is declared multiple times (in 'backend-image/garden.yml' and 'backend/garden.yml')
    at Garden.<anonymous> (/snapshot/project/tmp/pkg/cli/node_modules/@garden-io/core/build/src/garden.js:0)
    at Generator.next (<anonymous>)
    at /snapshot/project/tmp/pkg/cli/node_modules/@garden-io/core/build/src/garden.js:0
    at new Promise (<anonymous>)
    at /snapshot/project/tmp/pkg/cli/node_modules/@garden-io/core/build/src/garden.js:0
    at Garden.addModuleConfig (/snapshot/project/tmp/pkg/cli/node_modules/@garden-io/core/build/src/garden.js:0)
    at Garden.wrapped (/snapshot/project/tmp/pkg/cli/node_modules/@garden-io/core/build/src/util/profiling.js:0)
    at Garden.<anonymous> (/snapshot/project/tmp/pkg/cli/node_modules/@garden-io/core/build/src/garden.js:0)
    at Generator.next (<anonymous>)
    at /snapshot/project/tmp/pkg/cli/node_modules/@garden-io/core/build/src/garden.js:0
    at new Promise (<anonymous>)
    at /snapshot/project/tmp/pkg/cli/node_modules/@garden-io/core/build/src/garden.js:0
    at /snapshot/project/tmp/pkg/cli/node_modules/@garden-io/core/build/src/garden.js:0
    at tryCatcher (/snapshot/project/tmp/pkg/cli/node_modules/bluebird/js/release/util.js:16:23)
    at MappingPromiseArray._promiseFulfilled (/snapshot/project/tmp/pkg/cli/node_modules/bluebird/js/release/map.js:68:38)
    at MappingPromiseArray.<anonymous> (/snapshot/project/tmp/pkg/cli/node_modules/bluebird/js/release/promise_array.js:115:31)

Error Details:

pathA: backend-image/garden.yml
pathB: backend/garden.yml


[2022-03-09T21:31:25.414Z] Error: Unable to run docker command: Command "/Users/shiv/.garden/tools/docker/fa0336ac33b46eb5/docker/docker build -t backend-image:v-7b27ee2117 --build-arg GARDEN_MODULE_VERSION=v-7b27ee2117 /Users/shiv/Downloads/demo-project-helm/demo-project/.garden/build/backend-image" failed with code 1:

   #1 [internal] load build definition from Dockerfile
#1 transferring dockerfile: 175B 0.0s done
#1 DONE 0.1s

#2 [internal] load .dockerignore
#2 transferring context: 2B done
#2 DONE 0.0s

#3 [internal] load metadata for docker.io/library/golang:1.8.3-alpine
#3 ERROR: no match for platform in manifest sha256:1132c209b1018cbedae7011a0bcb9a0a42a572b2a94e517bfb7180c7d90d4a79: not found
------
> [internal] load metadata for docker.io/library/golang:1.8.3-alpine:
------
failed to solve with frontend dockerfile.v0: failed to create LLB definition: no match for platform in manifest sha256:1132c209b1018cbedae7011a0bcb9a0a42a572b2a94e517bfb7180c7d90d4a79: not found
    at Object.<anonymous> (/snapshot/project/tmp/pkg/cli/node_modules/@garden-io/core/build/src/plugins/container/helpers.js:0)
    at Generator.throw (<anonymous>)
    at rejected (/snapshot/project/tmp/pkg/cli/node_modules/@garden-io/core/build/src/plugins/container/helpers.js:0)

Error Details:

err:
  detail:
    cmd: /Users/shiv/.garden/tools/docker/fa0336ac33b46eb5/docker/docker
    args:
      - build
      - '-t'
      - 'backend-image:v-7b27ee2117'
      - '--build-arg'
      - GARDEN_MODULE_VERSION=v-7b27ee2117
      - >-
        /Users/shiv/Downloads/demo-project-helm/demo-project/.garden/build/backend-image
    opts:
      cwd: >-
        /Users/shiv/Downloads/demo-project-helm/demo-project/.garden/build/backend-image
      timeoutSec: 1200
      ignoreError: false
      env:
        USER: shiv
        COMMAND_MODE: unix2003
        LOGNAME: shiv
        PATH: >-
          /opt/homebrew/opt/openjdk/bin:/Users/shiv/.nvm/versions/node/v10.16.3/bin:/opt/homebrew/bin:/opt/homebrew/sbin:/Users/shiv/personal/web3/sol/stable/solana/bin:/Users/shiv/.local/share/solana/install/active_release/bin:/Applications/Postgres.app/Contents/Versions/9.6/bin:/usr/local/bin:/usr/local/bin:/usr/bin:/bin:/usr/sbin:/sbin:/Applications/VMware
          Fusion.app/Contents/Public:/Library/Apple/usr/bin:/Applications/Postgres.app/Contents/Versions/9.6/bin:/opt/homebrew/opt/openjdk/bin:/opt/homebrew/bin:/opt/homebrew/sbin:/Users/shiv/personal/web3/sol/stable/solana/bin:/Users/shiv/.local/share/solana/install/active_release/bin:/Users/shiv/.cargo/bin:/Users/shiv/Library/Android/sdk/platform-tools:/Users/shiv/Library/Android/sdk/platform-tools
        SSH_AUTH_SOCK: /private/tmp/com.apple.launchd.Us6KdymCfJ/Listeners
        SHELL: /bin/zsh
        HOME: /Users/shiv
        TMPDIR: /var/folders/rl/058w2s6d7cg8f2gzjcw8jtwc0000gn/T/
        XPC_SERVICE_NAME: '0'
        XPC_FLAGS: '0x0'
        ORIGINAL_XDG_CURRENT_DESKTOP: undefined
        PWD: /Users/shiv/Downloads/demo-project-helm/demo-project
        ANDROID_AVD_HOME: /Users/shiv/.android/avd
        APPLICATION_INSIGHTS_NO_DIAGNOSTIC_CHANNEL: 'true'
        MANPATH: >-
          /Users/shiv/.nvm/versions/node/v10.16.3/share/man:/opt/homebrew/share/man:/usr/share/man:/usr/local/share/man:/opt/homebrew/share/man:
        INFOPATH: '/opt/homebrew/share/info:/opt/homebrew/share/info:'
        HOMEBREW_PREFIX: /opt/homebrew
        ITERM_PROFILE: Default
        NVM_DIR: /Users/shiv/.nvm
        NVM_NODEJS_ORG_MIRROR: 'https://nodejs.org/dist'
        LC_TERMINAL_VERSION: 3.4.15
        LC_CTYPE: UTF-8
        TERM: xterm-256color
        TERM_SESSION_ID: 'w0t1p0:8093EB6E-0F81-43ED-B5B4-8CE96C5218B9'
        HOMEBREW_CELLAR: /opt/homebrew/Cellar
        SHLVL: '3'
        HOMEBREW_REPOSITORY: /opt/homebrew
        TERM_PROGRAM_VERSION: 1.64.1
        ANDROID_SDK_ROOT: /Users/shiv/Library/Android/sdk
        NVM_IOJS_ORG_MIRROR: 'https://iojs.org/dist'
        PROMPT: >-
          ${COLOR_USR}%n@%M ${COLOR_DIR}%d
          ${COLOR_GIT}$(parse_git_branch)${COLOR_DEF}${NEWLINE}%% 
        NVM_CD_FLAGS: '-q'
        COLORTERM: truecolor
        COLORFGBG: 7;0
        LC_TERMINAL: iTerm2
        ANDROID_HOME: /Users/shiv/Library/Android/sdk
        TERM_PROGRAM: vscode
        ITERM_SESSION_ID: 'w0t1p0:8093EB6E-0F81-43ED-B5B4-8CE96C5218B9'
        JAVA_HOME: /Library/Java/JavaVirtualMachines/zulu-8.jdk/Contents/Home
        NVM_BIN: /Users/shiv/.nvm/versions/node/v10.16.3/bin
        LANG: en_GB.UTF-8
        VSCODE_GIT_IPC_HANDLE: >-
          /var/folders/rl/058w2s6d7cg8f2gzjcw8jtwc0000gn/T/vscode-git-c5e76f27b4.sock
        GIT_ASKPASS: >-
          /Applications/Visual Studio
          Code.app/Contents/Resources/app/extensions/git/dist/askpass.sh
        VSCODE_GIT_ASKPASS_NODE: /Applications/Visual Studio Code.app/Contents/MacOS/Electron
        VSCODE_GIT_ASKPASS_EXTRA_ARGS: '--ms-enable-electron-run-as-node'
        VSCODE_GIT_ASKPASS_MAIN: >-
          /Applications/Visual Studio
          Code.app/Contents/Resources/app/extensions/git/dist/askpass-main.js
        DOCKER_CLI_EXPERIMENTAL: enabled
        PKG_EXECPATH: /opt/homebrew/Cellar/garden-cli/0.12.35/libexec/garden
      stdout:
        readable: false
        writable: false
        allowHalfOpen: true
        matcher: {}
        overflow: false
      stderr: ~err~detail~opts~stdout
    result:
      code: 1
      all: >
        #1 [internal] load build definition from Dockerfile

        #1 transferring dockerfile: 175B 0.0s done

        #1 DONE 0.1s


        #2 [internal] load .dockerignore

        #2 transferring context: 2B done

        #2 DONE 0.0s


        #3 [internal] load metadata for docker.io/library/golang:1.8.3-alpine

        #3 ERROR: no match for platform in manifest
        sha256:1132c209b1018cbedae7011a0bcb9a0a42a572b2a94e517bfb7180c7d90d4a79:
        not found

        ------
         > [internal] load metadata for docker.io/library/golang:1.8.3-alpine:
        ------

        failed to solve with frontend dockerfile.v0: failed to create LLB
        definition: no match for platform in manifest
        sha256:1132c209b1018cbedae7011a0bcb9a0a42a572b2a94e517bfb7180c7d90d4a79:
        not found
      stdout: ''
      stderr: >
        #1 [internal] load build definition from Dockerfile

        #1 transferring dockerfile: 175B 0.0s done

        #1 DONE 0.1s


        #2 [internal] load .dockerignore

        #2 transferring context: 2B done

        #2 DONE 0.0s


        #3 [internal] load metadata for docker.io/library/golang:1.8.3-alpine

        #3 ERROR: no match for platform in manifest
        sha256:1132c209b1018cbedae7011a0bcb9a0a42a572b2a94e517bfb7180c7d90d4a79:
        not found

        ------
         > [internal] load metadata for docker.io/library/golang:1.8.3-alpine:
        ------

        failed to solve with frontend dockerfile.v0: failed to create LLB
        definition: no match for platform in manifest
        sha256:1132c209b1018cbedae7011a0bcb9a0a42a572b2a94e517bfb7180c7d90d4a79:
        not found
      proc:
        connected: false
        signalCode: null
        exitCode: 1
        killed: false
        spawnfile: /Users/shiv/.garden/tools/docker/fa0336ac33b46eb5/docker/docker
        spawnargs:
          - /Users/shiv/.garden/tools/docker/fa0336ac33b46eb5/docker/docker
          - build
          - '-t'
          - 'backend-image:v-7b27ee2117'
          - '--build-arg'
          - GARDEN_MODULE_VERSION=v-7b27ee2117
          - >-
            /Users/shiv/Downloads/demo-project-helm/demo-project/.garden/build/backend-image
        pid: 95158
        stdin:
          connecting: false
          readable: false
          writable: false
          allowHalfOpen: false
          server: null
        stdout:
          connecting: false
          readable: false
          writable: false
          allowHalfOpen: false
          server: null
        stderr:
          connecting: false
          readable: false
          writable: false
          allowHalfOpen: false
          server: null
        stdio:
          - ~err~detail~result~proc~stdin
          - ~err~detail~result~proc~stdout
          - ~err~detail~result~proc~stderr
    code: 1
    all: >
      #1 [internal] load build definition from Dockerfile

      #1 transferring dockerfile: 175B 0.0s done

      #1 DONE 0.1s


      #2 [internal] load .dockerignore

      #2 transferring context: 2B done

      #2 DONE 0.0s


      #3 [internal] load metadata for docker.io/library/golang:1.8.3-alpine

      #3 ERROR: no match for platform in manifest
      sha256:1132c209b1018cbedae7011a0bcb9a0a42a572b2a94e517bfb7180c7d90d4a79:
      not found

      ------
       > [internal] load metadata for docker.io/library/golang:1.8.3-alpine:
      ------

      failed to solve with frontend dockerfile.v0: failed to create LLB
      definition: no match for platform in manifest
      sha256:1132c209b1018cbedae7011a0bcb9a0a42a572b2a94e517bfb7180c7d90d4a79:
      not found
    stdout: ''
    stderr: >
      #1 [internal] load build definition from Dockerfile

      #1 transferring dockerfile: 175B 0.0s done

      #1 DONE 0.1s


      #2 [internal] load .dockerignore

      #2 transferring context: 2B done

      #2 DONE 0.0s


      #3 [internal] load metadata for docker.io/library/golang:1.8.3-alpine

      #3 ERROR: no match for platform in manifest
      sha256:1132c209b1018cbedae7011a0bcb9a0a42a572b2a94e517bfb7180c7d90d4a79:
      not found

      ------
       > [internal] load metadata for docker.io/library/golang:1.8.3-alpine:
      ------

      failed to solve with frontend dockerfile.v0: failed to create LLB
      definition: no match for platform in manifest
      sha256:1132c209b1018cbedae7011a0bcb9a0a42a572b2a94e517bfb7180c7d90d4a79:
      not found
    proc: ~err~detail~result~proc
  type: runtime
args:
  - build
  - '-t'
  - 'backend-image:v-7b27ee2117'
  - '--build-arg'
  - GARDEN_MODULE_VERSION=v-7b27ee2117
  - >-
    /Users/shiv/Downloads/demo-project-helm/demo-project/.garden/build/backend-image
cwd: >-
  /Users/shiv/Downloads/demo-project-helm/demo-project/.garden/build/backend-image


[2022-03-09T21:31:27.529Z] Error: Command "/Users/shiv/.garden/tools/helm/f7f497e15fc1ff81/darwin-amd64/helm --kube-context docker-desktop --namespace demo-project-default install frontend /Users/shiv/Downloads/demo-project-helm/demo-project/.garden/build/frontend --dry-run --namespace demo-project-default --output json --timeout 300s --values /Users/shiv/Downloads/demo-project-helm/demo-project/.garden/build/frontend/garden-values.yml" failed with code 1:

Error: INSTALLATION FAILED: template: frontend/templates/deployment.yaml:4:11: executing "frontend/templates/deployment.yaml" at <include "frontend.fullname" .>: error calling include: template: no template "frontend.fullname" associated with template "gotpl"

Error: INSTALLATION FAILED: template: frontend/templates/deployment.yaml:4:11: executing "frontend/templates/deployment.yaml" at <include "frontend.fullname" .>: error calling include: template: no template "frontend.fullname" associated with template "gotpl"
    at makeError (/snapshot/project/tmp/pkg/cli/node_modules/execa/lib/error.js:59:11)
    at handlePromise (/snapshot/project/tmp/pkg/cli/node_modules/execa/index.js:114:26)
    at runMicrotasks (<anonymous>)
    at processTicksAndRejections (internal/process/task_queues.js:97:5)

Error Details:

shortMessage: >-
  Command failed with exit code 1:
  /Users/shiv/.garden/tools/helm/f7f497e15fc1ff81/darwin-amd64/helm
  --kube-context docker-desktop --namespace demo-project-default install
  frontend
  /Users/shiv/Downloads/demo-project-helm/demo-project/.garden/build/frontend
  --dry-run --namespace demo-project-default --output json --timeout 300s
  --values
  /Users/shiv/Downloads/demo-project-helm/demo-project/.garden/build/frontend/garden-values.yml
command: >-
  /Users/shiv/.garden/tools/helm/f7f497e15fc1ff81/darwin-amd64/helm
  --kube-context docker-desktop --namespace demo-project-default install
  frontend
  /Users/shiv/Downloads/demo-project-helm/demo-project/.garden/build/frontend
  --dry-run --namespace demo-project-default --output json --timeout 300s
  --values
  /Users/shiv/Downloads/demo-project-helm/demo-project/.garden/build/frontend/garden-values.yml
exitCode: 1
stdout: ''
stderr: >-
  Error: INSTALLATION FAILED: template: frontend/templates/deployment.yaml:4:11:
  executing "frontend/templates/deployment.yaml" at <include "frontend.fullname"
  .>: error calling include: template: no template "frontend.fullname"
  associated with template "gotpl"
all: >-
  Error: INSTALLATION FAILED: template: frontend/templates/deployment.yaml:4:11:
  executing "frontend/templates/deployment.yaml" at <include "frontend.fullname"
  .>: error calling include: template: no template "frontend.fullname"
  associated with template "gotpl"
failed: true
timedOut: false
isCanceled: false
killed: false


[2022-03-09T21:31:30.156Z] Error: 2 test task(s) failed!
    at Object.<anonymous> (/snapshot/project/tmp/pkg/cli/node_modules/@garden-io/core/build/src/commands/base.js:0)
    at Generator.next (<anonymous>)
    at /snapshot/project/tmp/pkg/cli/node_modules/@garden-io/core/build/src/commands/base.js:0
    at new Promise (<anonymous>)
    at /snapshot/project/tmp/pkg/cli/node_modules/@garden-io/core/build/src/commands/base.js:0
    at Object.handleProcessResults (/snapshot/project/tmp/pkg/cli/node_modules/@garden-io/core/build/src/commands/base.js:0)
    at TestCommand.<anonymous> (/snapshot/project/tmp/pkg/cli/node_modules/@garden-io/core/build/src/commands/test.js:0)
    at Generator.next (<anonymous>)
    at fulfilled (/snapshot/project/tmp/pkg/cli/node_modules/@garden-io/core/build/src/commands/test.js:0)

Error Details:

results:
  build.backend-image:
    type: build
    description: building backend-image
    key: build.backend-image
    name: backend-image
    error:
      detail:
        err:
          detail:
            cmd: /Users/shiv/.garden/tools/docker/fa0336ac33b46eb5/docker/docker
            args:
              - build
              - '-t'
              - 'backend-image:v-7b27ee2117'
              - '--build-arg'
              - GARDEN_MODULE_VERSION=v-7b27ee2117
              - >-
                /Users/shiv/Downloads/demo-project-helm/demo-project/.garden/build/backend-image
            opts:
              cwd: >-
                /Users/shiv/Downloads/demo-project-helm/demo-project/.garden/build/backend-image
              timeoutSec: 1200
              ignoreError: false
              env:
                USER: shiv
                COMMAND_MODE: unix2003
                LOGNAME: shiv
                PATH: >-
                  /opt/homebrew/opt/openjdk/bin:/Users/shiv/.nvm/versions/node/v10.16.3/bin:/opt/homebrew/bin:/opt/homebrew/sbin:/Users/shiv/personal/web3/sol/stable/solana/bin:/Users/shiv/.local/share/solana/install/active_release/bin:/Applications/Postgres.app/Contents/Versions/9.6/bin:/usr/local/bin:/usr/local/bin:/usr/bin:/bin:/usr/sbin:/sbin:/Applications/VMware
                  Fusion.app/Contents/Public:/Library/Apple/usr/bin:/Applications/Postgres.app/Contents/Versions/9.6/bin:/opt/homebrew/opt/openjdk/bin:/opt/homebrew/bin:/opt/homebrew/sbin:/Users/shiv/personal/web3/sol/stable/solana/bin:/Users/shiv/.local/share/solana/install/active_release/bin:/Users/shiv/.cargo/bin:/Users/shiv/Library/Android/sdk/platform-tools:/Users/shiv/Library/Android/sdk/platform-tools
                SSH_AUTH_SOCK: /private/tmp/com.apple.launchd.Us6KdymCfJ/Listeners
                SHELL: /bin/zsh
                HOME: /Users/shiv
                TMPDIR: /var/folders/rl/058w2s6d7cg8f2gzjcw8jtwc0000gn/T/
                XPC_SERVICE_NAME: '0'
                XPC_FLAGS: '0x0'
                ORIGINAL_XDG_CURRENT_DESKTOP: undefined
                PWD: /Users/shiv/Downloads/demo-project-helm/demo-project
                ANDROID_AVD_HOME: /Users/shiv/.android/avd
                APPLICATION_INSIGHTS_NO_DIAGNOSTIC_CHANNEL: 'true'
                MANPATH: >-
                  /Users/shiv/.nvm/versions/node/v10.16.3/share/man:/opt/homebrew/share/man:/usr/share/man:/usr/local/share/man:/opt/homebrew/share/man:
                INFOPATH: '/opt/homebrew/share/info:/opt/homebrew/share/info:'
                HOMEBREW_PREFIX: /opt/homebrew
                ITERM_PROFILE: Default
                NVM_DIR: /Users/shiv/.nvm
                NVM_NODEJS_ORG_MIRROR: 'https://nodejs.org/dist'
                LC_TERMINAL_VERSION: 3.4.15
                LC_CTYPE: UTF-8
                TERM: xterm-256color
                TERM_SESSION_ID: 'w0t1p0:8093EB6E-0F81-43ED-B5B4-8CE96C5218B9'
                HOMEBREW_CELLAR: /opt/homebrew/Cellar
                SHLVL: '3'
                HOMEBREW_REPOSITORY: /opt/homebrew
                TERM_PROGRAM_VERSION: 1.64.1
                ANDROID_SDK_ROOT: /Users/shiv/Library/Android/sdk
                NVM_IOJS_ORG_MIRROR: 'https://iojs.org/dist'
                PROMPT: >-
                  ${COLOR_USR}%n@%M ${COLOR_DIR}%d
                  ${COLOR_GIT}$(parse_git_branch)${COLOR_DEF}${NEWLINE}%% 
                NVM_CD_FLAGS: '-q'
                COLORTERM: truecolor
                COLORFGBG: 7;0
                LC_TERMINAL: iTerm2
                ANDROID_HOME: /Users/shiv/Library/Android/sdk
                TERM_PROGRAM: vscode
                ITERM_SESSION_ID: 'w0t1p0:8093EB6E-0F81-43ED-B5B4-8CE96C5218B9'
                JAVA_HOME: /Library/Java/JavaVirtualMachines/zulu-8.jdk/Contents/Home
                NVM_BIN: /Users/shiv/.nvm/versions/node/v10.16.3/bin
                LANG: en_GB.UTF-8
                VSCODE_GIT_IPC_HANDLE: >-
                  /var/folders/rl/058w2s6d7cg8f2gzjcw8jtwc0000gn/T/vscode-git-c5e76f27b4.sock
                GIT_ASKPASS: >-
                  /Applications/Visual Studio
                  Code.app/Contents/Resources/app/extensions/git/dist/askpass.sh
                VSCODE_GIT_ASKPASS_NODE: /Applications/Visual Studio Code.app/Contents/MacOS/Electron
                VSCODE_GIT_ASKPASS_EXTRA_ARGS: '--ms-enable-electron-run-as-node'
                VSCODE_GIT_ASKPASS_MAIN: >-
                  /Applications/Visual Studio
                  Code.app/Contents/Resources/app/extensions/git/dist/askpass-main.js
                DOCKER_CLI_EXPERIMENTAL: enabled
                PKG_EXECPATH: /opt/homebrew/Cellar/garden-cli/0.12.35/libexec/garden
              stdout:
                readable: false
                writable: false
                allowHalfOpen: true
                matcher: {}
                overflow: false
              stderr: ~results~build.backend-image~error~detail~err~detail~opts~stdout
            result:
              code: 1
              all: >
                #1 [internal] load build definition from Dockerfile

                #1 transferring dockerfile: 175B 0.0s done

                #1 DONE 0.1s


                #2 [internal] load .dockerignore

                #2 transferring context: 2B done

                #2 DONE 0.0s


                #3 [internal] load metadata for
                docker.io/library/golang:1.8.3-alpine

                #3 ERROR: no match for platform in manifest
                sha256:1132c209b1018cbedae7011a0bcb9a0a42a572b2a94e517bfb7180c7d90d4a79:
                not found

                ------
                 > [internal] load metadata for docker.io/library/golang:1.8.3-alpine:
                ------

                failed to solve with frontend dockerfile.v0: failed to create
                LLB definition: no match for platform in manifest
                sha256:1132c209b1018cbedae7011a0bcb9a0a42a572b2a94e517bfb7180c7d90d4a79:
                not found
              stdout: ''
              stderr: >
                #1 [internal] load build definition from Dockerfile

                #1 transferring dockerfile: 175B 0.0s done

                #1 DONE 0.1s


                #2 [internal] load .dockerignore

                #2 transferring context: 2B done

                #2 DONE 0.0s


                #3 [internal] load metadata for
                docker.io/library/golang:1.8.3-alpine

                #3 ERROR: no match for platform in manifest
                sha256:1132c209b1018cbedae7011a0bcb9a0a42a572b2a94e517bfb7180c7d90d4a79:
                not found

                ------
                 > [internal] load metadata for docker.io/library/golang:1.8.3-alpine:
                ------

                failed to solve with frontend dockerfile.v0: failed to create
                LLB definition: no match for platform in manifest
                sha256:1132c209b1018cbedae7011a0bcb9a0a42a572b2a94e517bfb7180c7d90d4a79:
                not found
              proc:
                connected: false
                signalCode: null
                exitCode: 1
                killed: false
                spawnfile: >-
                  /Users/shiv/.garden/tools/docker/fa0336ac33b46eb5/docker/docker
                spawnargs:
                  - >-
                    /Users/shiv/.garden/tools/docker/fa0336ac33b46eb5/docker/docker
                  - build
                  - '-t'
                  - 'backend-image:v-7b27ee2117'
                  - '--build-arg'
                  - GARDEN_MODULE_VERSION=v-7b27ee2117
                  - >-
                    /Users/shiv/Downloads/demo-project-helm/demo-project/.garden/build/backend-image
                pid: 95158
                stdin:
                  connecting: false
                  readable: false
                  writable: false
                  allowHalfOpen: false
                  server: null
                stdout:
                  connecting: false
                  readable: false
                  writable: false
                  allowHalfOpen: false
                  server: null
                stderr:
                  connecting: false
                  readable: false
                  writable: false
                  allowHalfOpen: false
                  server: null
                stdio:
                  - >-
                    ~results~build.backend-image~error~detail~err~detail~result~proc~stdin
                  - >-
                    ~results~build.backend-image~error~detail~err~detail~result~proc~stdout
                  - >-
                    ~results~build.backend-image~error~detail~err~detail~result~proc~stderr
            code: 1
            all: >
              #1 [internal] load build definition from Dockerfile

              #1 transferring dockerfile: 175B 0.0s done

              #1 DONE 0.1s


              #2 [internal] load .dockerignore

              #2 transferring context: 2B done

              #2 DONE 0.0s


              #3 [internal] load metadata for
              docker.io/library/golang:1.8.3-alpine

              #3 ERROR: no match for platform in manifest
              sha256:1132c209b1018cbedae7011a0bcb9a0a42a572b2a94e517bfb7180c7d90d4a79:
              not found

              ------
               > [internal] load metadata for docker.io/library/golang:1.8.3-alpine:
              ------

              failed to solve with frontend dockerfile.v0: failed to create LLB
              definition: no match for platform in manifest
              sha256:1132c209b1018cbedae7011a0bcb9a0a42a572b2a94e517bfb7180c7d90d4a79:
              not found
            stdout: ''
            stderr: >
              #1 [internal] load build definition from Dockerfile

              #1 transferring dockerfile: 175B 0.0s done

              #1 DONE 0.1s


              #2 [internal] load .dockerignore

              #2 transferring context: 2B done

              #2 DONE 0.0s


              #3 [internal] load metadata for
              docker.io/library/golang:1.8.3-alpine

              #3 ERROR: no match for platform in manifest
              sha256:1132c209b1018cbedae7011a0bcb9a0a42a572b2a94e517bfb7180c7d90d4a79:
              not found

              ------
               > [internal] load metadata for docker.io/library/golang:1.8.3-alpine:
              ------

              failed to solve with frontend dockerfile.v0: failed to create LLB
              definition: no match for platform in manifest
              sha256:1132c209b1018cbedae7011a0bcb9a0a42a572b2a94e517bfb7180c7d90d4a79:
              not found
            proc: ~results~build.backend-image~error~detail~err~detail~result~proc
          type: runtime
        args: ~results~build.backend-image~error~detail~err~detail~args
        cwd: >-
          /Users/shiv/Downloads/demo-project-helm/demo-project/.garden/build/backend-image
      type: runtime
    startedAt: '2022-03-09T21:31:18.856Z'
    completedAt: '2022-03-09T21:31:25.372Z'
    batchId: 454dc1fe-1126-4bb6-b0bc-d3fe1ab56cd8
    version: v-7b27ee2117
  test.frontend.unit:
    type: test
    description: running unit tests in module frontend
    key: test.frontend.unit
    name: frontend.unit
    error:
      shortMessage: >-
        Command failed with exit code 1:
        /Users/shiv/.garden/tools/helm/f7f497e15fc1ff81/darwin-amd64/helm
        --kube-context docker-desktop --namespace demo-project-default install
        frontend
        /Users/shiv/Downloads/demo-project-helm/demo-project/.garden/build/frontend
        --dry-run --namespace demo-project-default --output json --timeout 300s
        --values
        /Users/shiv/Downloads/demo-project-helm/demo-project/.garden/build/frontend/garden-values.yml
      command: >-
        /Users/shiv/.garden/tools/helm/f7f497e15fc1ff81/darwin-amd64/helm
        --kube-context docker-desktop --namespace demo-project-default install
        frontend
        /Users/shiv/Downloads/demo-project-helm/demo-project/.garden/build/frontend
        --dry-run --namespace demo-project-default --output json --timeout 300s
        --values
        /Users/shiv/Downloads/demo-project-helm/demo-project/.garden/build/frontend/garden-values.yml
      exitCode: 1
      stdout: ''
      stderr: >-
        Error: INSTALLATION FAILED: template:
        frontend/templates/deployment.yaml:4:11: executing
        "frontend/templates/deployment.yaml" at <include "frontend.fullname" .>:
        error calling include: template: no template "frontend.fullname"
        associated with template "gotpl"
      all: >-
        Error: INSTALLATION FAILED: template:
        frontend/templates/deployment.yaml:4:11: executing
        "frontend/templates/deployment.yaml" at <include "frontend.fullname" .>:
        error calling include: template: no template "frontend.fullname"
        associated with template "gotpl"
      failed: true
      timedOut: false
      isCanceled: false
      killed: false
    startedAt: '2022-03-09T21:31:25.558Z'
    completedAt: '2022-03-09T21:31:27.520Z'
    batchId: 454dc1fe-1126-4bb6-b0bc-d3fe1ab56cd8
    version: v-6071af15e9


[2022-03-09T21:32:06.828Z] Error: Command "/Users/shiv/.garden/tools/helm/f7f497e15fc1ff81/darwin-amd64/helm --kube-context docker-desktop --namespace demo-project-default install frontend /Users/shiv/Downloads/demo-project-helm/demo-project/.garden/build/frontend --dry-run --namespace demo-project-default --output json --timeout 300s --values /Users/shiv/Downloads/demo-project-helm/demo-project/.garden/build/frontend/garden-values.yml" failed with code 1:

Error: INSTALLATION FAILED: template: frontend/templates/deployment.yaml:4:11: executing "frontend/templates/deployment.yaml" at <include "frontend.name" .>: error calling include: template: no template "frontend.name" associated with template "gotpl"

Error: INSTALLATION FAILED: template: frontend/templates/deployment.yaml:4:11: executing "frontend/templates/deployment.yaml" at <include "frontend.name" .>: error calling include: template: no template "frontend.name" associated with template "gotpl"
    at makeError (/snapshot/project/tmp/pkg/cli/node_modules/execa/lib/error.js:59:11)
    at handlePromise (/snapshot/project/tmp/pkg/cli/node_modules/execa/index.js:114:26)
    at runMicrotasks (<anonymous>)
    at processTicksAndRejections (internal/process/task_queues.js:97:5)

Error Details:

shortMessage: >-
  Command failed with exit code 1:
  /Users/shiv/.garden/tools/helm/f7f497e15fc1ff81/darwin-amd64/helm
  --kube-context docker-desktop --namespace demo-project-default install
  frontend
  /Users/shiv/Downloads/demo-project-helm/demo-project/.garden/build/frontend
  --dry-run --namespace demo-project-default --output json --timeout 300s
  --values
  /Users/shiv/Downloads/demo-project-helm/demo-project/.garden/build/frontend/garden-values.yml
command: >-
  /Users/shiv/.garden/tools/helm/f7f497e15fc1ff81/darwin-amd64/helm
  --kube-context docker-desktop --namespace demo-project-default install
  frontend
  /Users/shiv/Downloads/demo-project-helm/demo-project/.garden/build/frontend
  --dry-run --namespace demo-project-default --output json --timeout 300s
  --values
  /Users/shiv/Downloads/demo-project-helm/demo-project/.garden/build/frontend/garden-values.yml
exitCode: 1
stdout: ''
stderr: >-
  Error: INSTALLATION FAILED: template: frontend/templates/deployment.yaml:4:11:
  executing "frontend/templates/deployment.yaml" at <include "frontend.name" .>:
  error calling include: template: no template "frontend.name" associated with
  template "gotpl"
all: >-
  Error: INSTALLATION FAILED: template: frontend/templates/deployment.yaml:4:11:
  executing "frontend/templates/deployment.yaml" at <include "frontend.name" .>:
  error calling include: template: no template "frontend.name" associated with
  template "gotpl"
failed: true
timedOut: false
isCanceled: false
killed: false


[2022-03-09T21:32:07.724Z] Error: Unable to run docker command: Command "/Users/shiv/.garden/tools/docker/fa0336ac33b46eb5/docker/docker build -t backend-image:v-7b27ee2117 --build-arg GARDEN_MODULE_VERSION=v-7b27ee2117 /Users/shiv/Downloads/demo-project-helm/demo-project/.garden/build/backend-image" failed with code 1:

   #2 [internal] load .dockerignore
#2 transferring context:
#2 transferring context: 2B done
#2 ...

#1 [internal] load build definition from Dockerfile
#1 transferring dockerfile: 37B 0.0s done
#1 DONE 0.4s

#2 [internal] load .dockerignore
#2 DONE 0.5s

#3 [internal] load metadata for docker.io/library/golang:1.8.3-alpine
#3 ERROR: no match for platform in manifest sha256:1132c209b1018cbedae7011a0bcb9a0a42a572b2a94e517bfb7180c7d90d4a79: not found
------
> [internal] load metadata for docker.io/library/golang:1.8.3-alpine:
------
failed to solve with frontend dockerfile.v0: failed to create LLB definition: no match for platform in manifest sha256:1132c209b1018cbedae7011a0bcb9a0a42a572b2a94e517bfb7180c7d90d4a79: not found
    at Object.<anonymous> (/snapshot/project/tmp/pkg/cli/node_modules/@garden-io/core/build/src/plugins/container/helpers.js:0)
    at Generator.throw (<anonymous>)
    at rejected (/snapshot/project/tmp/pkg/cli/node_modules/@garden-io/core/build/src/plugins/container/helpers.js:0)

Error Details:

err:
  detail:
    cmd: /Users/shiv/.garden/tools/docker/fa0336ac33b46eb5/docker/docker
    args:
      - build
      - '-t'
      - 'backend-image:v-7b27ee2117'
      - '--build-arg'
      - GARDEN_MODULE_VERSION=v-7b27ee2117
      - >-
        /Users/shiv/Downloads/demo-project-helm/demo-project/.garden/build/backend-image
    opts:
      cwd: >-
        /Users/shiv/Downloads/demo-project-helm/demo-project/.garden/build/backend-image
      timeoutSec: 1200
      ignoreError: false
      env:
        USER: shiv
        COMMAND_MODE: unix2003
        LOGNAME: shiv
        PATH: >-
          /opt/homebrew/opt/openjdk/bin:/Users/shiv/.nvm/versions/node/v10.16.3/bin:/opt/homebrew/bin:/opt/homebrew/sbin:/Users/shiv/personal/web3/sol/stable/solana/bin:/Users/shiv/.local/share/solana/install/active_release/bin:/Applications/Postgres.app/Contents/Versions/9.6/bin:/usr/local/bin:/usr/local/bin:/usr/bin:/bin:/usr/sbin:/sbin:/Applications/VMware
          Fusion.app/Contents/Public:/Library/Apple/usr/bin:/Applications/Postgres.app/Contents/Versions/9.6/bin:/opt/homebrew/opt/openjdk/bin:/opt/homebrew/bin:/opt/homebrew/sbin:/Users/shiv/personal/web3/sol/stable/solana/bin:/Users/shiv/.local/share/solana/install/active_release/bin:/Users/shiv/.cargo/bin:/Users/shiv/Library/Android/sdk/platform-tools:/Users/shiv/Library/Android/sdk/platform-tools
        SSH_AUTH_SOCK: /private/tmp/com.apple.launchd.Us6KdymCfJ/Listeners
        SHELL: /bin/zsh
        HOME: /Users/shiv
        TMPDIR: /var/folders/rl/058w2s6d7cg8f2gzjcw8jtwc0000gn/T/
        XPC_SERVICE_NAME: '0'
        XPC_FLAGS: '0x0'
        ORIGINAL_XDG_CURRENT_DESKTOP: undefined
        PWD: /Users/shiv/Downloads/demo-project-helm/demo-project
        ANDROID_AVD_HOME: /Users/shiv/.android/avd
        APPLICATION_INSIGHTS_NO_DIAGNOSTIC_CHANNEL: 'true'
        MANPATH: >-
          /Users/shiv/.nvm/versions/node/v10.16.3/share/man:/opt/homebrew/share/man:/usr/share/man:/usr/local/share/man:/opt/homebrew/share/man:
        INFOPATH: '/opt/homebrew/share/info:/opt/homebrew/share/info:'
        HOMEBREW_PREFIX: /opt/homebrew
        ITERM_PROFILE: Default
        NVM_DIR: /Users/shiv/.nvm
        NVM_NODEJS_ORG_MIRROR: 'https://nodejs.org/dist'
        LC_TERMINAL_VERSION: 3.4.15
        LC_CTYPE: UTF-8
        TERM: xterm-256color
        TERM_SESSION_ID: 'w0t1p0:8093EB6E-0F81-43ED-B5B4-8CE96C5218B9'
        HOMEBREW_CELLAR: /opt/homebrew/Cellar
        SHLVL: '3'
        HOMEBREW_REPOSITORY: /opt/homebrew
        TERM_PROGRAM_VERSION: 1.64.1
        ANDROID_SDK_ROOT: /Users/shiv/Library/Android/sdk
        NVM_IOJS_ORG_MIRROR: 'https://iojs.org/dist'
        PROMPT: >-
          ${COLOR_USR}%n@%M ${COLOR_DIR}%d
          ${COLOR_GIT}$(parse_git_branch)${COLOR_DEF}${NEWLINE}%% 
        NVM_CD_FLAGS: '-q'
        COLORTERM: truecolor
        COLORFGBG: 7;0
        LC_TERMINAL: iTerm2
        ANDROID_HOME: /Users/shiv/Library/Android/sdk
        TERM_PROGRAM: vscode
        ITERM_SESSION_ID: 'w0t1p0:8093EB6E-0F81-43ED-B5B4-8CE96C5218B9'
        JAVA_HOME: /Library/Java/JavaVirtualMachines/zulu-8.jdk/Contents/Home
        NVM_BIN: /Users/shiv/.nvm/versions/node/v10.16.3/bin
        LANG: en_GB.UTF-8
        VSCODE_GIT_IPC_HANDLE: >-
          /var/folders/rl/058w2s6d7cg8f2gzjcw8jtwc0000gn/T/vscode-git-c5e76f27b4.sock
        GIT_ASKPASS: >-
          /Applications/Visual Studio
          Code.app/Contents/Resources/app/extensions/git/dist/askpass.sh
        VSCODE_GIT_ASKPASS_NODE: /Applications/Visual Studio Code.app/Contents/MacOS/Electron
        VSCODE_GIT_ASKPASS_EXTRA_ARGS: '--ms-enable-electron-run-as-node'
        VSCODE_GIT_ASKPASS_MAIN: >-
          /Applications/Visual Studio
          Code.app/Contents/Resources/app/extensions/git/dist/askpass-main.js
        DOCKER_CLI_EXPERIMENTAL: enabled
        PKG_EXECPATH: /opt/homebrew/Cellar/garden-cli/0.12.35/libexec/garden
      stdout:
        readable: false
        writable: false
        allowHalfOpen: true
        matcher: {}
        overflow: false
      stderr: ~err~detail~opts~stdout
    result:
      code: 1
      all: >
        #2 [internal] load .dockerignore

        #2 transferring context:

        #2 transferring context: 2B done

        #2 ...


        #1 [internal] load build definition from Dockerfile

        #1 transferring dockerfile: 37B 0.0s done

        #1 DONE 0.4s


        #2 [internal] load .dockerignore

        #2 DONE 0.5s


        #3 [internal] load metadata for docker.io/library/golang:1.8.3-alpine

        #3 ERROR: no match for platform in manifest
        sha256:1132c209b1018cbedae7011a0bcb9a0a42a572b2a94e517bfb7180c7d90d4a79:
        not found

        ------
         > [internal] load metadata for docker.io/library/golang:1.8.3-alpine:
        ------

        failed to solve with frontend dockerfile.v0: failed to create LLB
        definition: no match for platform in manifest
        sha256:1132c209b1018cbedae7011a0bcb9a0a42a572b2a94e517bfb7180c7d90d4a79:
        not found
      stdout: ''
      stderr: >
        #2 [internal] load .dockerignore

        #2 transferring context:

        #2 transferring context: 2B done

        #2 ...


        #1 [internal] load build definition from Dockerfile

        #1 transferring dockerfile: 37B 0.0s done

        #1 DONE 0.4s


        #2 [internal] load .dockerignore

        #2 DONE 0.5s


        #3 [internal] load metadata for docker.io/library/golang:1.8.3-alpine

        #3 ERROR: no match for platform in manifest
        sha256:1132c209b1018cbedae7011a0bcb9a0a42a572b2a94e517bfb7180c7d90d4a79:
        not found

        ------
         > [internal] load metadata for docker.io/library/golang:1.8.3-alpine:
        ------

        failed to solve with frontend dockerfile.v0: failed to create LLB
        definition: no match for platform in manifest
        sha256:1132c209b1018cbedae7011a0bcb9a0a42a572b2a94e517bfb7180c7d90d4a79:
        not found
      proc:
        connected: false
        signalCode: null
        exitCode: 1
        killed: false
        spawnfile: /Users/shiv/.garden/tools/docker/fa0336ac33b46eb5/docker/docker
        spawnargs:
          - /Users/shiv/.garden/tools/docker/fa0336ac33b46eb5/docker/docker
          - build
          - '-t'
          - 'backend-image:v-7b27ee2117'
          - '--build-arg'
          - GARDEN_MODULE_VERSION=v-7b27ee2117
          - >-
            /Users/shiv/Downloads/demo-project-helm/demo-project/.garden/build/backend-image
        pid: 95301
        stdin:
          connecting: false
          readable: false
          writable: false
          allowHalfOpen: false
          server: null
        stdout:
          connecting: false
          readable: false
          writable: false
          allowHalfOpen: false
          server: null
        stderr:
          connecting: false
          readable: false
          writable: false
          allowHalfOpen: false
          server: null
        stdio:
          - ~err~detail~result~proc~stdin
          - ~err~detail~result~proc~stdout
          - ~err~detail~result~proc~stderr
    code: 1
    all: >
      #2 [internal] load .dockerignore

      #2 transferring context:

      #2 transferring context: 2B done

      #2 ...


      #1 [internal] load build definition from Dockerfile

      #1 transferring dockerfile: 37B 0.0s done

      #1 DONE 0.4s


      #2 [internal] load .dockerignore

      #2 DONE 0.5s


      #3 [internal] load metadata for docker.io/library/golang:1.8.3-alpine

      #3 ERROR: no match for platform in manifest
      sha256:1132c209b1018cbedae7011a0bcb9a0a42a572b2a94e517bfb7180c7d90d4a79:
      not found

      ------
       > [internal] load metadata for docker.io/library/golang:1.8.3-alpine:
      ------

      failed to solve with frontend dockerfile.v0: failed to create LLB
      definition: no match for platform in manifest
      sha256:1132c209b1018cbedae7011a0bcb9a0a42a572b2a94e517bfb7180c7d90d4a79:
      not found
    stdout: ''
    stderr: >
      #2 [internal] load .dockerignore

      #2 transferring context:

      #2 transferring context: 2B done

      #2 ...


      #1 [internal] load build definition from Dockerfile

      #1 transferring dockerfile: 37B 0.0s done

      #1 DONE 0.4s


      #2 [internal] load .dockerignore

      #2 DONE 0.5s


      #3 [internal] load metadata for docker.io/library/golang:1.8.3-alpine

      #3 ERROR: no match for platform in manifest
      sha256:1132c209b1018cbedae7011a0bcb9a0a42a572b2a94e517bfb7180c7d90d4a79:
      not found

      ------
       > [internal] load metadata for docker.io/library/golang:1.8.3-alpine:
      ------

      failed to solve with frontend dockerfile.v0: failed to create LLB
      definition: no match for platform in manifest
      sha256:1132c209b1018cbedae7011a0bcb9a0a42a572b2a94e517bfb7180c7d90d4a79:
      not found
    proc: ~err~detail~result~proc
  type: runtime
args:
  - build
  - '-t'
  - 'backend-image:v-7b27ee2117'
  - '--build-arg'
  - GARDEN_MODULE_VERSION=v-7b27ee2117
  - >-
    /Users/shiv/Downloads/demo-project-helm/demo-project/.garden/build/backend-image
cwd: >-
  /Users/shiv/Downloads/demo-project-helm/demo-project/.garden/build/backend-image


[2022-03-09T21:32:07.746Z] Error: 2 test task(s) failed!
    at Object.<anonymous> (/snapshot/project/tmp/pkg/cli/node_modules/@garden-io/core/build/src/commands/base.js:0)
    at Generator.next (<anonymous>)
    at /snapshot/project/tmp/pkg/cli/node_modules/@garden-io/core/build/src/commands/base.js:0
    at new Promise (<anonymous>)
    at /snapshot/project/tmp/pkg/cli/node_modules/@garden-io/core/build/src/commands/base.js:0
    at Object.handleProcessResults (/snapshot/project/tmp/pkg/cli/node_modules/@garden-io/core/build/src/commands/base.js:0)
    at TestCommand.<anonymous> (/snapshot/project/tmp/pkg/cli/node_modules/@garden-io/core/build/src/commands/test.js:0)
    at Generator.next (<anonymous>)
    at fulfilled (/snapshot/project/tmp/pkg/cli/node_modules/@garden-io/core/build/src/commands/test.js:0)

Error Details:

results:
  test.frontend.unit:
    type: test
    description: running unit tests in module frontend
    key: test.frontend.unit
    name: frontend.unit
    error:
      shortMessage: >-
        Command failed with exit code 1:
        /Users/shiv/.garden/tools/helm/f7f497e15fc1ff81/darwin-amd64/helm
        --kube-context docker-desktop --namespace demo-project-default install
        frontend
        /Users/shiv/Downloads/demo-project-helm/demo-project/.garden/build/frontend
        --dry-run --namespace demo-project-default --output json --timeout 300s
        --values
        /Users/shiv/Downloads/demo-project-helm/demo-project/.garden/build/frontend/garden-values.yml
      command: >-
        /Users/shiv/.garden/tools/helm/f7f497e15fc1ff81/darwin-amd64/helm
        --kube-context docker-desktop --namespace demo-project-default install
        frontend
        /Users/shiv/Downloads/demo-project-helm/demo-project/.garden/build/frontend
        --dry-run --namespace demo-project-default --output json --timeout 300s
        --values
        /Users/shiv/Downloads/demo-project-helm/demo-project/.garden/build/frontend/garden-values.yml
      exitCode: 1
      stdout: ''
      stderr: >-
        Error: INSTALLATION FAILED: template:
        frontend/templates/deployment.yaml:4:11: executing
        "frontend/templates/deployment.yaml" at <include "frontend.name" .>:
        error calling include: template: no template "frontend.name" associated
        with template "gotpl"
      all: >-
        Error: INSTALLATION FAILED: template:
        frontend/templates/deployment.yaml:4:11: executing
        "frontend/templates/deployment.yaml" at <include "frontend.name" .>:
        error calling include: template: no template "frontend.name" associated
        with template "gotpl"
      failed: true
      timedOut: false
      isCanceled: false
      killed: false
    startedAt: '2022-03-09T21:32:04.897Z'
    completedAt: '2022-03-09T21:32:06.818Z'
    batchId: 145c8b94-97a4-4943-88c1-33d7ae2176fc
    version: v-2691404648
  build.backend-image:
    type: build
    description: building backend-image
    key: build.backend-image
    name: backend-image
    error:
      detail:
        err:
          detail:
            cmd: /Users/shiv/.garden/tools/docker/fa0336ac33b46eb5/docker/docker
            args:
              - build
              - '-t'
              - 'backend-image:v-7b27ee2117'
              - '--build-arg'
              - GARDEN_MODULE_VERSION=v-7b27ee2117
              - >-
                /Users/shiv/Downloads/demo-project-helm/demo-project/.garden/build/backend-image
            opts:
              cwd: >-
                /Users/shiv/Downloads/demo-project-helm/demo-project/.garden/build/backend-image
              timeoutSec: 1200
              ignoreError: false
              env:
                USER: shiv
                COMMAND_MODE: unix2003
                LOGNAME: shiv
                PATH: >-
                  /opt/homebrew/opt/openjdk/bin:/Users/shiv/.nvm/versions/node/v10.16.3/bin:/opt/homebrew/bin:/opt/homebrew/sbin:/Users/shiv/personal/web3/sol/stable/solana/bin:/Users/shiv/.local/share/solana/install/active_release/bin:/Applications/Postgres.app/Contents/Versions/9.6/bin:/usr/local/bin:/usr/local/bin:/usr/bin:/bin:/usr/sbin:/sbin:/Applications/VMware
                  Fusion.app/Contents/Public:/Library/Apple/usr/bin:/Applications/Postgres.app/Contents/Versions/9.6/bin:/opt/homebrew/opt/openjdk/bin:/opt/homebrew/bin:/opt/homebrew/sbin:/Users/shiv/personal/web3/sol/stable/solana/bin:/Users/shiv/.local/share/solana/install/active_release/bin:/Users/shiv/.cargo/bin:/Users/shiv/Library/Android/sdk/platform-tools:/Users/shiv/Library/Android/sdk/platform-tools
                SSH_AUTH_SOCK: /private/tmp/com.apple.launchd.Us6KdymCfJ/Listeners
                SHELL: /bin/zsh
                HOME: /Users/shiv
                TMPDIR: /var/folders/rl/058w2s6d7cg8f2gzjcw8jtwc0000gn/T/
                XPC_SERVICE_NAME: '0'
                XPC_FLAGS: '0x0'
                ORIGINAL_XDG_CURRENT_DESKTOP: undefined
                PWD: /Users/shiv/Downloads/demo-project-helm/demo-project
                ANDROID_AVD_HOME: /Users/shiv/.android/avd
                APPLICATION_INSIGHTS_NO_DIAGNOSTIC_CHANNEL: 'true'
                MANPATH: >-
                  /Users/shiv/.nvm/versions/node/v10.16.3/share/man:/opt/homebrew/share/man:/usr/share/man:/usr/local/share/man:/opt/homebrew/share/man:
                INFOPATH: '/opt/homebrew/share/info:/opt/homebrew/share/info:'
                HOMEBREW_PREFIX: /opt/homebrew
                ITERM_PROFILE: Default
                NVM_DIR: /Users/shiv/.nvm
                NVM_NODEJS_ORG_MIRROR: 'https://nodejs.org/dist'
                LC_TERMINAL_VERSION: 3.4.15
                LC_CTYPE: UTF-8
                TERM: xterm-256color
                TERM_SESSION_ID: 'w0t1p0:8093EB6E-0F81-43ED-B5B4-8CE96C5218B9'
                HOMEBREW_CELLAR: /opt/homebrew/Cellar
                SHLVL: '3'
                HOMEBREW_REPOSITORY: /opt/homebrew
                TERM_PROGRAM_VERSION: 1.64.1
                ANDROID_SDK_ROOT: /Users/shiv/Library/Android/sdk
                NVM_IOJS_ORG_MIRROR: 'https://iojs.org/dist'
                PROMPT: >-
                  ${COLOR_USR}%n@%M ${COLOR_DIR}%d
                  ${COLOR_GIT}$(parse_git_branch)${COLOR_DEF}${NEWLINE}%% 
                NVM_CD_FLAGS: '-q'
                COLORTERM: truecolor
                COLORFGBG: 7;0
                LC_TERMINAL: iTerm2
                ANDROID_HOME: /Users/shiv/Library/Android/sdk
                TERM_PROGRAM: vscode
                ITERM_SESSION_ID: 'w0t1p0:8093EB6E-0F81-43ED-B5B4-8CE96C5218B9'
                JAVA_HOME: /Library/Java/JavaVirtualMachines/zulu-8.jdk/Contents/Home
                NVM_BIN: /Users/shiv/.nvm/versions/node/v10.16.3/bin
                LANG: en_GB.UTF-8
                VSCODE_GIT_IPC_HANDLE: >-
                  /var/folders/rl/058w2s6d7cg8f2gzjcw8jtwc0000gn/T/vscode-git-c5e76f27b4.sock
                GIT_ASKPASS: >-
                  /Applications/Visual Studio
                  Code.app/Contents/Resources/app/extensions/git/dist/askpass.sh
                VSCODE_GIT_ASKPASS_NODE: /Applications/Visual Studio Code.app/Contents/MacOS/Electron
                VSCODE_GIT_ASKPASS_EXTRA_ARGS: '--ms-enable-electron-run-as-node'
                VSCODE_GIT_ASKPASS_MAIN: >-
                  /Applications/Visual Studio
                  Code.app/Contents/Resources/app/extensions/git/dist/askpass-main.js
                DOCKER_CLI_EXPERIMENTAL: enabled
                PKG_EXECPATH: /opt/homebrew/Cellar/garden-cli/0.12.35/libexec/garden
              stdout:
                readable: false
                writable: false
                allowHalfOpen: true
                matcher: {}
                overflow: false
              stderr: ~results~build.backend-image~error~detail~err~detail~opts~stdout
            result:
              code: 1
              all: >
                #2 [internal] load .dockerignore

                #2 transferring context:

                #2 transferring context: 2B done

                #2 ...


                #1 [internal] load build definition from Dockerfile

                #1 transferring dockerfile: 37B 0.0s done

                #1 DONE 0.4s


                #2 [internal] load .dockerignore

                #2 DONE 0.5s


                #3 [internal] load metadata for
                docker.io/library/golang:1.8.3-alpine

                #3 ERROR: no match for platform in manifest
                sha256:1132c209b1018cbedae7011a0bcb9a0a42a572b2a94e517bfb7180c7d90d4a79:
                not found

                ------
                 > [internal] load metadata for docker.io/library/golang:1.8.3-alpine:
                ------

                failed to solve with frontend dockerfile.v0: failed to create
                LLB definition: no match for platform in manifest
                sha256:1132c209b1018cbedae7011a0bcb9a0a42a572b2a94e517bfb7180c7d90d4a79:
                not found
              stdout: ''
              stderr: >
                #2 [internal] load .dockerignore

                #2 transferring context:

                #2 transferring context: 2B done

                #2 ...


                #1 [internal] load build definition from Dockerfile

                #1 transferring dockerfile: 37B 0.0s done

                #1 DONE 0.4s


                #2 [internal] load .dockerignore

                #2 DONE 0.5s


                #3 [internal] load metadata for
                docker.io/library/golang:1.8.3-alpine

                #3 ERROR: no match for platform in manifest
                sha256:1132c209b1018cbedae7011a0bcb9a0a42a572b2a94e517bfb7180c7d90d4a79:
                not found

                ------
                 > [internal] load metadata for docker.io/library/golang:1.8.3-alpine:
                ------

                failed to solve with frontend dockerfile.v0: failed to create
                LLB definition: no match for platform in manifest
                sha256:1132c209b1018cbedae7011a0bcb9a0a42a572b2a94e517bfb7180c7d90d4a79:
                not found
              proc:
                connected: false
                signalCode: null
                exitCode: 1
                killed: false
                spawnfile: >-
                  /Users/shiv/.garden/tools/docker/fa0336ac33b46eb5/docker/docker
                spawnargs:
                  - >-
                    /Users/shiv/.garden/tools/docker/fa0336ac33b46eb5/docker/docker
                  - build
                  - '-t'
                  - 'backend-image:v-7b27ee2117'
                  - '--build-arg'
                  - GARDEN_MODULE_VERSION=v-7b27ee2117
                  - >-
                    /Users/shiv/Downloads/demo-project-helm/demo-project/.garden/build/backend-image
                pid: 95301
                stdin:
                  connecting: false
                  readable: false
                  writable: false
                  allowHalfOpen: false
                  server: null
                stdout:
                  connecting: false
                  readable: false
                  writable: false
                  allowHalfOpen: false
                  server: null
                stderr:
                  connecting: false
                  readable: false
                  writable: false
                  allowHalfOpen: false
                  server: null
                stdio:
                  - >-
                    ~results~build.backend-image~error~detail~err~detail~result~proc~stdin
                  - >-
                    ~results~build.backend-image~error~detail~err~detail~result~proc~stdout
                  - >-
                    ~results~build.backend-image~error~detail~err~detail~result~proc~stderr
            code: 1
            all: >
              #2 [internal] load .dockerignore

              #2 transferring context:

              #2 transferring context: 2B done

              #2 ...


              #1 [internal] load build definition from Dockerfile

              #1 transferring dockerfile: 37B 0.0s done

              #1 DONE 0.4s


              #2 [internal] load .dockerignore

              #2 DONE 0.5s


              #3 [internal] load metadata for
              docker.io/library/golang:1.8.3-alpine

              #3 ERROR: no match for platform in manifest
              sha256:1132c209b1018cbedae7011a0bcb9a0a42a572b2a94e517bfb7180c7d90d4a79:
              not found

              ------
               > [internal] load metadata for docker.io/library/golang:1.8.3-alpine:
              ------

              failed to solve with frontend dockerfile.v0: failed to create LLB
              definition: no match for platform in manifest
              sha256:1132c209b1018cbedae7011a0bcb9a0a42a572b2a94e517bfb7180c7d90d4a79:
              not found
            stdout: ''
            stderr: >
              #2 [internal] load .dockerignore

              #2 transferring context:

              #2 transferring context: 2B done

              #2 ...


              #1 [internal] load build definition from Dockerfile

              #1 transferring dockerfile: 37B 0.0s done

              #1 DONE 0.4s


              #2 [internal] load .dockerignore

              #2 DONE 0.5s


              #3 [internal] load metadata for
              docker.io/library/golang:1.8.3-alpine

              #3 ERROR: no match for platform in manifest
              sha256:1132c209b1018cbedae7011a0bcb9a0a42a572b2a94e517bfb7180c7d90d4a79:
              not found

              ------
               > [internal] load metadata for docker.io/library/golang:1.8.3-alpine:
              ------

              failed to solve with frontend dockerfile.v0: failed to create LLB
              definition: no match for platform in manifest
              sha256:1132c209b1018cbedae7011a0bcb9a0a42a572b2a94e517bfb7180c7d90d4a79:
              not found
            proc: ~results~build.backend-image~error~detail~err~detail~result~proc
          type: runtime
        args: ~results~build.backend-image~error~detail~err~detail~args
        cwd: >-
          /Users/shiv/Downloads/demo-project-helm/demo-project/.garden/build/backend-image
      type: runtime
    startedAt: '2022-03-09T21:32:02.576Z'
    completedAt: '2022-03-09T21:32:07.698Z'
    batchId: 145c8b94-97a4-4943-88c1-33d7ae2176fc
    version: v-7b27ee2117


[2022-03-09T21:36:05.868Z] Error: Command "/Users/shiv/.garden/tools/helm/f7f497e15fc1ff81/darwin-amd64/helm --kube-context docker-desktop --namespace demo-project-default install frontend /Users/shiv/Downloads/demo-project-helm/demo-project/.garden/build/frontend --dry-run --namespace demo-project-default --output json --timeout 300s --values /Users/shiv/Downloads/demo-project-helm/demo-project/.garden/build/frontend/garden-values.yml" failed with code 1:

Error: INSTALLATION FAILED: template: frontend/templates/service.yaml:4:11: executing "frontend/templates/service.yaml" at <include "frontend.fullname" .>: error calling include: template: no template "frontend.fullname" associated with template "gotpl"

Error: INSTALLATION FAILED: template: frontend/templates/service.yaml:4:11: executing "frontend/templates/service.yaml" at <include "frontend.fullname" .>: error calling include: template: no template "frontend.fullname" associated with template "gotpl"
    at makeError (/snapshot/project/tmp/pkg/cli/node_modules/execa/lib/error.js:59:11)
    at handlePromise (/snapshot/project/tmp/pkg/cli/node_modules/execa/index.js:114:26)
    at runMicrotasks (<anonymous>)
    at processTicksAndRejections (internal/process/task_queues.js:97:5)

Error Details:

shortMessage: >-
  Command failed with exit code 1:
  /Users/shiv/.garden/tools/helm/f7f497e15fc1ff81/darwin-amd64/helm
  --kube-context docker-desktop --namespace demo-project-default install
  frontend
  /Users/shiv/Downloads/demo-project-helm/demo-project/.garden/build/frontend
  --dry-run --namespace demo-project-default --output json --timeout 300s
  --values
  /Users/shiv/Downloads/demo-project-helm/demo-project/.garden/build/frontend/garden-values.yml
command: >-
  /Users/shiv/.garden/tools/helm/f7f497e15fc1ff81/darwin-amd64/helm
  --kube-context docker-desktop --namespace demo-project-default install
  frontend
  /Users/shiv/Downloads/demo-project-helm/demo-project/.garden/build/frontend
  --dry-run --namespace demo-project-default --output json --timeout 300s
  --values
  /Users/shiv/Downloads/demo-project-helm/demo-project/.garden/build/frontend/garden-values.yml
exitCode: 1
stdout: ''
stderr: >-
  Error: INSTALLATION FAILED: template: frontend/templates/service.yaml:4:11:
  executing "frontend/templates/service.yaml" at <include "frontend.fullname"
  .>: error calling include: template: no template "frontend.fullname"
  associated with template "gotpl"
all: >-
  Error: INSTALLATION FAILED: template: frontend/templates/service.yaml:4:11:
  executing "frontend/templates/service.yaml" at <include "frontend.fullname"
  .>: error calling include: template: no template "frontend.fullname"
  associated with template "gotpl"
failed: true
timedOut: false
isCanceled: false
killed: false


[2022-03-09T21:36:08.052Z] Error: Unable to run docker command: Command "/Users/shiv/.garden/tools/docker/fa0336ac33b46eb5/docker/docker build -t backend-image:v-7b27ee2117 --build-arg GARDEN_MODULE_VERSION=v-7b27ee2117 /Users/shiv/Downloads/demo-project-helm/demo-project/.garden/build/backend-image" failed with code 1:

   #2 [internal] load .dockerignore
#2 transferring context:
#2 transferring context: 2B done
#2 DONE 0.4s

#1 [internal] load build definition from Dockerfile
#1 transferring dockerfile: 37B 0.0s done
#1 DONE 0.3s

#3 [internal] load metadata for docker.io/library/golang:1.8.3-alpine
#3 ERROR: no match for platform in manifest sha256:1132c209b1018cbedae7011a0bcb9a0a42a572b2a94e517bfb7180c7d90d4a79: not found
------
> [internal] load metadata for docker.io/library/golang:1.8.3-alpine:
------
failed to solve with frontend dockerfile.v0: failed to create LLB definition: no match for platform in manifest sha256:1132c209b1018cbedae7011a0bcb9a0a42a572b2a94e517bfb7180c7d90d4a79: not found
    at Object.<anonymous> (/snapshot/project/tmp/pkg/cli/node_modules/@garden-io/core/build/src/plugins/container/helpers.js:0)
    at Generator.throw (<anonymous>)
    at rejected (/snapshot/project/tmp/pkg/cli/node_modules/@garden-io/core/build/src/plugins/container/helpers.js:0)

Error Details:

err:
  detail:
    cmd: /Users/shiv/.garden/tools/docker/fa0336ac33b46eb5/docker/docker
    args:
      - build
      - '-t'
      - 'backend-image:v-7b27ee2117'
      - '--build-arg'
      - GARDEN_MODULE_VERSION=v-7b27ee2117
      - >-
        /Users/shiv/Downloads/demo-project-helm/demo-project/.garden/build/backend-image
    opts:
      cwd: >-
        /Users/shiv/Downloads/demo-project-helm/demo-project/.garden/build/backend-image
      timeoutSec: 1200
      ignoreError: false
      env:
        USER: shiv
        COMMAND_MODE: unix2003
        LOGNAME: shiv
        PATH: >-
          /opt/homebrew/opt/openjdk/bin:/Users/shiv/.nvm/versions/node/v10.16.3/bin:/opt/homebrew/bin:/opt/homebrew/sbin:/Users/shiv/personal/web3/sol/stable/solana/bin:/Users/shiv/.local/share/solana/install/active_release/bin:/Applications/Postgres.app/Contents/Versions/9.6/bin:/usr/local/bin:/usr/local/bin:/usr/bin:/bin:/usr/sbin:/sbin:/Applications/VMware
          Fusion.app/Contents/Public:/Library/Apple/usr/bin:/Applications/Postgres.app/Contents/Versions/9.6/bin:/opt/homebrew/opt/openjdk/bin:/opt/homebrew/bin:/opt/homebrew/sbin:/Users/shiv/personal/web3/sol/stable/solana/bin:/Users/shiv/.local/share/solana/install/active_release/bin:/Users/shiv/.cargo/bin:/Users/shiv/Library/Android/sdk/platform-tools:/Users/shiv/Library/Android/sdk/platform-tools
        SSH_AUTH_SOCK: /private/tmp/com.apple.launchd.Us6KdymCfJ/Listeners
        SHELL: /bin/zsh
        HOME: /Users/shiv
        TMPDIR: /var/folders/rl/058w2s6d7cg8f2gzjcw8jtwc0000gn/T/
        XPC_SERVICE_NAME: '0'
        XPC_FLAGS: '0x0'
        ORIGINAL_XDG_CURRENT_DESKTOP: undefined
        PWD: /Users/shiv/Downloads/demo-project-helm/demo-project
        ANDROID_AVD_HOME: /Users/shiv/.android/avd
        APPLICATION_INSIGHTS_NO_DIAGNOSTIC_CHANNEL: 'true'
        MANPATH: >-
          /Users/shiv/.nvm/versions/node/v10.16.3/share/man:/opt/homebrew/share/man:/usr/share/man:/usr/local/share/man:/opt/homebrew/share/man:
        INFOPATH: '/opt/homebrew/share/info:/opt/homebrew/share/info:'
        HOMEBREW_PREFIX: /opt/homebrew
        ITERM_PROFILE: Default
        NVM_DIR: /Users/shiv/.nvm
        NVM_NODEJS_ORG_MIRROR: 'https://nodejs.org/dist'
        LC_TERMINAL_VERSION: 3.4.15
        LC_CTYPE: UTF-8
        TERM: xterm-256color
        TERM_SESSION_ID: 'w0t1p0:8093EB6E-0F81-43ED-B5B4-8CE96C5218B9'
        HOMEBREW_CELLAR: /opt/homebrew/Cellar
        SHLVL: '3'
        HOMEBREW_REPOSITORY: /opt/homebrew
        TERM_PROGRAM_VERSION: 1.64.1
        ANDROID_SDK_ROOT: /Users/shiv/Library/Android/sdk
        NVM_IOJS_ORG_MIRROR: 'https://iojs.org/dist'
        PROMPT: >-
          ${COLOR_USR}%n@%M ${COLOR_DIR}%d
          ${COLOR_GIT}$(parse_git_branch)${COLOR_DEF}${NEWLINE}%% 
        NVM_CD_FLAGS: '-q'
        COLORTERM: truecolor
        COLORFGBG: 7;0
        LC_TERMINAL: iTerm2
        ANDROID_HOME: /Users/shiv/Library/Android/sdk
        TERM_PROGRAM: vscode
        ITERM_SESSION_ID: 'w0t1p0:8093EB6E-0F81-43ED-B5B4-8CE96C5218B9'
        JAVA_HOME: /Library/Java/JavaVirtualMachines/zulu-8.jdk/Contents/Home
        NVM_BIN: /Users/shiv/.nvm/versions/node/v10.16.3/bin
        LANG: en_GB.UTF-8
        VSCODE_GIT_IPC_HANDLE: >-
          /var/folders/rl/058w2s6d7cg8f2gzjcw8jtwc0000gn/T/vscode-git-c5e76f27b4.sock
        GIT_ASKPASS: >-
          /Applications/Visual Studio
          Code.app/Contents/Resources/app/extensions/git/dist/askpass.sh
        VSCODE_GIT_ASKPASS_NODE: /Applications/Visual Studio Code.app/Contents/MacOS/Electron
        VSCODE_GIT_ASKPASS_EXTRA_ARGS: '--ms-enable-electron-run-as-node'
        VSCODE_GIT_ASKPASS_MAIN: >-
          /Applications/Visual Studio
          Code.app/Contents/Resources/app/extensions/git/dist/askpass-main.js
        DOCKER_CLI_EXPERIMENTAL: enabled
        PKG_EXECPATH: /opt/homebrew/Cellar/garden-cli/0.12.35/libexec/garden
      stdout:
        readable: false
        writable: false
        allowHalfOpen: true
        matcher: {}
        overflow: false
      stderr: ~err~detail~opts~stdout
    result:
      code: 1
      all: >
        #2 [internal] load .dockerignore

        #2 transferring context:

        #2 transferring context: 2B done

        #2 DONE 0.4s


        #1 [internal] load build definition from Dockerfile

        #1 transferring dockerfile: 37B 0.0s done

        #1 DONE 0.3s


        #3 [internal] load metadata for docker.io/library/golang:1.8.3-alpine

        #3 ERROR: no match for platform in manifest
        sha256:1132c209b1018cbedae7011a0bcb9a0a42a572b2a94e517bfb7180c7d90d4a79:
        not found

        ------
         > [internal] load metadata for docker.io/library/golang:1.8.3-alpine:
        ------

        failed to solve with frontend dockerfile.v0: failed to create LLB
        definition: no match for platform in manifest
        sha256:1132c209b1018cbedae7011a0bcb9a0a42a572b2a94e517bfb7180c7d90d4a79:
        not found
      stdout: ''
      stderr: >
        #2 [internal] load .dockerignore

        #2 transferring context:

        #2 transferring context: 2B done

        #2 DONE 0.4s


        #1 [internal] load build definition from Dockerfile

        #1 transferring dockerfile: 37B 0.0s done

        #1 DONE 0.3s


        #3 [internal] load metadata for docker.io/library/golang:1.8.3-alpine

        #3 ERROR: no match for platform in manifest
        sha256:1132c209b1018cbedae7011a0bcb9a0a42a572b2a94e517bfb7180c7d90d4a79:
        not found

        ------
         > [internal] load metadata for docker.io/library/golang:1.8.3-alpine:
        ------

        failed to solve with frontend dockerfile.v0: failed to create LLB
        definition: no match for platform in manifest
        sha256:1132c209b1018cbedae7011a0bcb9a0a42a572b2a94e517bfb7180c7d90d4a79:
        not found
      proc:
        connected: false
        signalCode: null
        exitCode: 1
        killed: false
        spawnfile: /Users/shiv/.garden/tools/docker/fa0336ac33b46eb5/docker/docker
        spawnargs:
          - /Users/shiv/.garden/tools/docker/fa0336ac33b46eb5/docker/docker
          - build
          - '-t'
          - 'backend-image:v-7b27ee2117'
          - '--build-arg'
          - GARDEN_MODULE_VERSION=v-7b27ee2117
          - >-
            /Users/shiv/Downloads/demo-project-helm/demo-project/.garden/build/backend-image
        pid: 95805
        stdin:
          connecting: false
          readable: false
          writable: false
          allowHalfOpen: false
          server: null
        stdout:
          connecting: false
          readable: false
          writable: false
          allowHalfOpen: false
          server: null
        stderr:
          connecting: false
          readable: false
          writable: false
          allowHalfOpen: false
          server: null
        stdio:
          - ~err~detail~result~proc~stdin
          - ~err~detail~result~proc~stdout
          - ~err~detail~result~proc~stderr
    code: 1
    all: >
      #2 [internal] load .dockerignore

      #2 transferring context:

      #2 transferring context: 2B done

      #2 DONE 0.4s


      #1 [internal] load build definition from Dockerfile

      #1 transferring dockerfile: 37B 0.0s done

      #1 DONE 0.3s


      #3 [internal] load metadata for docker.io/library/golang:1.8.3-alpine

      #3 ERROR: no match for platform in manifest
      sha256:1132c209b1018cbedae7011a0bcb9a0a42a572b2a94e517bfb7180c7d90d4a79:
      not found

      ------
       > [internal] load metadata for docker.io/library/golang:1.8.3-alpine:
      ------

      failed to solve with frontend dockerfile.v0: failed to create LLB
      definition: no match for platform in manifest
      sha256:1132c209b1018cbedae7011a0bcb9a0a42a572b2a94e517bfb7180c7d90d4a79:
      not found
    stdout: ''
    stderr: >
      #2 [internal] load .dockerignore

      #2 transferring context:

      #2 transferring context: 2B done

      #2 DONE 0.4s


      #1 [internal] load build definition from Dockerfile

      #1 transferring dockerfile: 37B 0.0s done

      #1 DONE 0.3s


      #3 [internal] load metadata for docker.io/library/golang:1.8.3-alpine

      #3 ERROR: no match for platform in manifest
      sha256:1132c209b1018cbedae7011a0bcb9a0a42a572b2a94e517bfb7180c7d90d4a79:
      not found

      ------
       > [internal] load metadata for docker.io/library/golang:1.8.3-alpine:
      ------

      failed to solve with frontend dockerfile.v0: failed to create LLB
      definition: no match for platform in manifest
      sha256:1132c209b1018cbedae7011a0bcb9a0a42a572b2a94e517bfb7180c7d90d4a79:
      not found
    proc: ~err~detail~result~proc
  type: runtime
args:
  - build
  - '-t'
  - 'backend-image:v-7b27ee2117'
  - '--build-arg'
  - GARDEN_MODULE_VERSION=v-7b27ee2117
  - >-
    /Users/shiv/Downloads/demo-project-helm/demo-project/.garden/build/backend-image
cwd: >-
  /Users/shiv/Downloads/demo-project-helm/demo-project/.garden/build/backend-image


[2022-03-09T21:36:08.077Z] Error: 2 test task(s) failed!
    at Object.<anonymous> (/snapshot/project/tmp/pkg/cli/node_modules/@garden-io/core/build/src/commands/base.js:0)
    at Generator.next (<anonymous>)
    at /snapshot/project/tmp/pkg/cli/node_modules/@garden-io/core/build/src/commands/base.js:0
    at new Promise (<anonymous>)
    at /snapshot/project/tmp/pkg/cli/node_modules/@garden-io/core/build/src/commands/base.js:0
    at Object.handleProcessResults (/snapshot/project/tmp/pkg/cli/node_modules/@garden-io/core/build/src/commands/base.js:0)
    at TestCommand.<anonymous> (/snapshot/project/tmp/pkg/cli/node_modules/@garden-io/core/build/src/commands/test.js:0)
    at Generator.next (<anonymous>)
    at fulfilled (/snapshot/project/tmp/pkg/cli/node_modules/@garden-io/core/build/src/commands/test.js:0)

Error Details:

results:
  test.frontend.unit:
    type: test
    description: running unit tests in module frontend
    key: test.frontend.unit
    name: frontend.unit
    error:
      shortMessage: >-
        Command failed with exit code 1:
        /Users/shiv/.garden/tools/helm/f7f497e15fc1ff81/darwin-amd64/helm
        --kube-context docker-desktop --namespace demo-project-default install
        frontend
        /Users/shiv/Downloads/demo-project-helm/demo-project/.garden/build/frontend
        --dry-run --namespace demo-project-default --output json --timeout 300s
        --values
        /Users/shiv/Downloads/demo-project-helm/demo-project/.garden/build/frontend/garden-values.yml
      command: >-
        /Users/shiv/.garden/tools/helm/f7f497e15fc1ff81/darwin-amd64/helm
        --kube-context docker-desktop --namespace demo-project-default install
        frontend
        /Users/shiv/Downloads/demo-project-helm/demo-project/.garden/build/frontend
        --dry-run --namespace demo-project-default --output json --timeout 300s
        --values
        /Users/shiv/Downloads/demo-project-helm/demo-project/.garden/build/frontend/garden-values.yml
      exitCode: 1
      stdout: ''
      stderr: >-
        Error: INSTALLATION FAILED: template:
        frontend/templates/service.yaml:4:11: executing
        "frontend/templates/service.yaml" at <include "frontend.fullname" .>:
        error calling include: template: no template "frontend.fullname"
        associated with template "gotpl"
      all: >-
        Error: INSTALLATION FAILED: template:
        frontend/templates/service.yaml:4:11: executing
        "frontend/templates/service.yaml" at <include "frontend.fullname" .>:
        error calling include: template: no template "frontend.fullname"
        associated with template "gotpl"
      failed: true
      timedOut: false
      isCanceled: false
      killed: false
    startedAt: '2022-03-09T21:36:03.863Z'
    completedAt: '2022-03-09T21:36:05.853Z'
    batchId: 61aa75a9-eb02-4755-a2ce-cc1ee9e5159b
    version: v-b89f0c3da1
  build.backend-image:
    type: build
    description: building backend-image
    key: build.backend-image
    name: backend-image
    error:
      detail:
        err:
          detail:
            cmd: /Users/shiv/.garden/tools/docker/fa0336ac33b46eb5/docker/docker
            args:
              - build
              - '-t'
              - 'backend-image:v-7b27ee2117'
              - '--build-arg'
              - GARDEN_MODULE_VERSION=v-7b27ee2117
              - >-
                /Users/shiv/Downloads/demo-project-helm/demo-project/.garden/build/backend-image
            opts:
              cwd: >-
                /Users/shiv/Downloads/demo-project-helm/demo-project/.garden/build/backend-image
              timeoutSec: 1200
              ignoreError: false
              env:
                USER: shiv
                COMMAND_MODE: unix2003
                LOGNAME: shiv
                PATH: >-
                  /opt/homebrew/opt/openjdk/bin:/Users/shiv/.nvm/versions/node/v10.16.3/bin:/opt/homebrew/bin:/opt/homebrew/sbin:/Users/shiv/personal/web3/sol/stable/solana/bin:/Users/shiv/.local/share/solana/install/active_release/bin:/Applications/Postgres.app/Contents/Versions/9.6/bin:/usr/local/bin:/usr/local/bin:/usr/bin:/bin:/usr/sbin:/sbin:/Applications/VMware
                  Fusion.app/Contents/Public:/Library/Apple/usr/bin:/Applications/Postgres.app/Contents/Versions/9.6/bin:/opt/homebrew/opt/openjdk/bin:/opt/homebrew/bin:/opt/homebrew/sbin:/Users/shiv/personal/web3/sol/stable/solana/bin:/Users/shiv/.local/share/solana/install/active_release/bin:/Users/shiv/.cargo/bin:/Users/shiv/Library/Android/sdk/platform-tools:/Users/shiv/Library/Android/sdk/platform-tools
                SSH_AUTH_SOCK: /private/tmp/com.apple.launchd.Us6KdymCfJ/Listeners
                SHELL: /bin/zsh
                HOME: /Users/shiv
                TMPDIR: /var/folders/rl/058w2s6d7cg8f2gzjcw8jtwc0000gn/T/
                XPC_SERVICE_NAME: '0'
                XPC_FLAGS: '0x0'
                ORIGINAL_XDG_CURRENT_DESKTOP: undefined
                PWD: /Users/shiv/Downloads/demo-project-helm/demo-project
                ANDROID_AVD_HOME: /Users/shiv/.android/avd
                APPLICATION_INSIGHTS_NO_DIAGNOSTIC_CHANNEL: 'true'
                MANPATH: >-
                  /Users/shiv/.nvm/versions/node/v10.16.3/share/man:/opt/homebrew/share/man:/usr/share/man:/usr/local/share/man:/opt/homebrew/share/man:
                INFOPATH: '/opt/homebrew/share/info:/opt/homebrew/share/info:'
                HOMEBREW_PREFIX: /opt/homebrew
                ITERM_PROFILE: Default
                NVM_DIR: /Users/shiv/.nvm
                NVM_NODEJS_ORG_MIRROR: 'https://nodejs.org/dist'
                LC_TERMINAL_VERSION: 3.4.15
                LC_CTYPE: UTF-8
                TERM: xterm-256color
                TERM_SESSION_ID: 'w0t1p0:8093EB6E-0F81-43ED-B5B4-8CE96C5218B9'
                HOMEBREW_CELLAR: /opt/homebrew/Cellar
                SHLVL: '3'
                HOMEBREW_REPOSITORY: /opt/homebrew
                TERM_PROGRAM_VERSION: 1.64.1
                ANDROID_SDK_ROOT: /Users/shiv/Library/Android/sdk
                NVM_IOJS_ORG_MIRROR: 'https://iojs.org/dist'
                PROMPT: >-
                  ${COLOR_USR}%n@%M ${COLOR_DIR}%d
                  ${COLOR_GIT}$(parse_git_branch)${COLOR_DEF}${NEWLINE}%% 
                NVM_CD_FLAGS: '-q'
                COLORTERM: truecolor
                COLORFGBG: 7;0
                LC_TERMINAL: iTerm2
                ANDROID_HOME: /Users/shiv/Library/Android/sdk
                TERM_PROGRAM: vscode
                ITERM_SESSION_ID: 'w0t1p0:8093EB6E-0F81-43ED-B5B4-8CE96C5218B9'
                JAVA_HOME: /Library/Java/JavaVirtualMachines/zulu-8.jdk/Contents/Home
                NVM_BIN: /Users/shiv/.nvm/versions/node/v10.16.3/bin
                LANG: en_GB.UTF-8
                VSCODE_GIT_IPC_HANDLE: >-
                  /var/folders/rl/058w2s6d7cg8f2gzjcw8jtwc0000gn/T/vscode-git-c5e76f27b4.sock
                GIT_ASKPASS: >-
                  /Applications/Visual Studio
                  Code.app/Contents/Resources/app/extensions/git/dist/askpass.sh
                VSCODE_GIT_ASKPASS_NODE: /Applications/Visual Studio Code.app/Contents/MacOS/Electron
                VSCODE_GIT_ASKPASS_EXTRA_ARGS: '--ms-enable-electron-run-as-node'
                VSCODE_GIT_ASKPASS_MAIN: >-
                  /Applications/Visual Studio
                  Code.app/Contents/Resources/app/extensions/git/dist/askpass-main.js
                DOCKER_CLI_EXPERIMENTAL: enabled
                PKG_EXECPATH: /opt/homebrew/Cellar/garden-cli/0.12.35/libexec/garden
              stdout:
                readable: false
                writable: false
                allowHalfOpen: true
                matcher: {}
                overflow: false
              stderr: ~results~build.backend-image~error~detail~err~detail~opts~stdout
            result:
              code: 1
              all: >
                #2 [internal] load .dockerignore

                #2 transferring context:

                #2 transferring context: 2B done

                #2 DONE 0.4s


                #1 [internal] load build definition from Dockerfile

                #1 transferring dockerfile: 37B 0.0s done

                #1 DONE 0.3s


                #3 [internal] load metadata for
                docker.io/library/golang:1.8.3-alpine

                #3 ERROR: no match for platform in manifest
                sha256:1132c209b1018cbedae7011a0bcb9a0a42a572b2a94e517bfb7180c7d90d4a79:
                not found

                ------
                 > [internal] load metadata for docker.io/library/golang:1.8.3-alpine:
                ------

                failed to solve with frontend dockerfile.v0: failed to create
                LLB definition: no match for platform in manifest
                sha256:1132c209b1018cbedae7011a0bcb9a0a42a572b2a94e517bfb7180c7d90d4a79:
                not found
              stdout: ''
              stderr: >
                #2 [internal] load .dockerignore

                #2 transferring context:

                #2 transferring context: 2B done

                #2 DONE 0.4s


                #1 [internal] load build definition from Dockerfile

                #1 transferring dockerfile: 37B 0.0s done

                #1 DONE 0.3s


                #3 [internal] load metadata for
                docker.io/library/golang:1.8.3-alpine

                #3 ERROR: no match for platform in manifest
                sha256:1132c209b1018cbedae7011a0bcb9a0a42a572b2a94e517bfb7180c7d90d4a79:
                not found

                ------
                 > [internal] load metadata for docker.io/library/golang:1.8.3-alpine:
                ------

                failed to solve with frontend dockerfile.v0: failed to create
                LLB definition: no match for platform in manifest
                sha256:1132c209b1018cbedae7011a0bcb9a0a42a572b2a94e517bfb7180c7d90d4a79:
                not found
              proc:
                connected: false
                signalCode: null
                exitCode: 1
                killed: false
                spawnfile: >-
                  /Users/shiv/.garden/tools/docker/fa0336ac33b46eb5/docker/docker
                spawnargs:
                  - >-
                    /Users/shiv/.garden/tools/docker/fa0336ac33b46eb5/docker/docker
                  - build
                  - '-t'
                  - 'backend-image:v-7b27ee2117'
                  - '--build-arg'
                  - GARDEN_MODULE_VERSION=v-7b27ee2117
                  - >-
                    /Users/shiv/Downloads/demo-project-helm/demo-project/.garden/build/backend-image
                pid: 95805
                stdin:
                  connecting: false
                  readable: false
                  writable: false
                  allowHalfOpen: false
                  server: null
                stdout:
                  connecting: false
                  readable: false
                  writable: false
                  allowHalfOpen: false
                  server: null
                stderr:
                  connecting: false
                  readable: false
                  writable: false
                  allowHalfOpen: false
                  server: null
                stdio:
                  - >-
                    ~results~build.backend-image~error~detail~err~detail~result~proc~stdin
                  - >-
                    ~results~build.backend-image~error~detail~err~detail~result~proc~stdout
                  - >-
                    ~results~build.backend-image~error~detail~err~detail~result~proc~stderr
            code: 1
            all: >
              #2 [internal] load .dockerignore

              #2 transferring context:

              #2 transferring context: 2B done

              #2 DONE 0.4s


              #1 [internal] load build definition from Dockerfile

              #1 transferring dockerfile: 37B 0.0s done

              #1 DONE 0.3s


              #3 [internal] load metadata for
              docker.io/library/golang:1.8.3-alpine

              #3 ERROR: no match for platform in manifest
              sha256:1132c209b1018cbedae7011a0bcb9a0a42a572b2a94e517bfb7180c7d90d4a79:
              not found

              ------
               > [internal] load metadata for docker.io/library/golang:1.8.3-alpine:
              ------

              failed to solve with frontend dockerfile.v0: failed to create LLB
              definition: no match for platform in manifest
              sha256:1132c209b1018cbedae7011a0bcb9a0a42a572b2a94e517bfb7180c7d90d4a79:
              not found
            stdout: ''
            stderr: >
              #2 [internal] load .dockerignore

              #2 transferring context:

              #2 transferring context: 2B done

              #2 DONE 0.4s


              #1 [internal] load build definition from Dockerfile

              #1 transferring dockerfile: 37B 0.0s done

              #1 DONE 0.3s


              #3 [internal] load metadata for
              docker.io/library/golang:1.8.3-alpine

              #3 ERROR: no match for platform in manifest
              sha256:1132c209b1018cbedae7011a0bcb9a0a42a572b2a94e517bfb7180c7d90d4a79:
              not found

              ------
               > [internal] load metadata for docker.io/library/golang:1.8.3-alpine:
              ------

              failed to solve with frontend dockerfile.v0: failed to create LLB
              definition: no match for platform in manifest
              sha256:1132c209b1018cbedae7011a0bcb9a0a42a572b2a94e517bfb7180c7d90d4a79:
              not found
            proc: ~results~build.backend-image~error~detail~err~detail~result~proc
          type: runtime
        args: ~results~build.backend-image~error~detail~err~detail~args
        cwd: >-
          /Users/shiv/Downloads/demo-project-helm/demo-project/.garden/build/backend-image
      type: runtime
    startedAt: '2022-03-09T21:36:01.047Z'
    completedAt: '2022-03-09T21:36:08.022Z'
    batchId: 61aa75a9-eb02-4755-a2ce-cc1ee9e5159b
    version: v-7b27ee2117


[2022-03-09T21:38:21.497Z] Error: Command "/Users/shiv/.garden/tools/helm/f7f497e15fc1ff81/darwin-amd64/helm --kube-context docker-desktop --namespace demo-project-default install frontend /Users/shiv/Downloads/demo-project-helm/demo-project/.garden/build/frontend --dry-run --namespace demo-project-default --output json --timeout 300s --values /Users/shiv/Downloads/demo-project-helm/demo-project/.garden/build/frontend/garden-values.yml" failed with code 1:

Error: INSTALLATION FAILED: template: frontend/templates/service.yaml:4:11: executing "frontend/templates/service.yaml" at <include "frontend.fullname" .>: error calling include: template: no template "frontend.fullname" associated with template "gotpl"

Error: INSTALLATION FAILED: template: frontend/templates/service.yaml:4:11: executing "frontend/templates/service.yaml" at <include "frontend.fullname" .>: error calling include: template: no template "frontend.fullname" associated with template "gotpl"
    at makeError (/snapshot/project/tmp/pkg/cli/node_modules/execa/lib/error.js:59:11)
    at handlePromise (/snapshot/project/tmp/pkg/cli/node_modules/execa/index.js:114:26)
    at runMicrotasks (<anonymous>)
    at processTicksAndRejections (internal/process/task_queues.js:97:5)

Error Details:

shortMessage: >-
  Command failed with exit code 1:
  /Users/shiv/.garden/tools/helm/f7f497e15fc1ff81/darwin-amd64/helm
  --kube-context docker-desktop --namespace demo-project-default install
  frontend
  /Users/shiv/Downloads/demo-project-helm/demo-project/.garden/build/frontend
  --dry-run --namespace demo-project-default --output json --timeout 300s
  --values
  /Users/shiv/Downloads/demo-project-helm/demo-project/.garden/build/frontend/garden-values.yml
command: >-
  /Users/shiv/.garden/tools/helm/f7f497e15fc1ff81/darwin-amd64/helm
  --kube-context docker-desktop --namespace demo-project-default install
  frontend
  /Users/shiv/Downloads/demo-project-helm/demo-project/.garden/build/frontend
  --dry-run --namespace demo-project-default --output json --timeout 300s
  --values
  /Users/shiv/Downloads/demo-project-helm/demo-project/.garden/build/frontend/garden-values.yml
exitCode: 1
stdout: ''
stderr: >-
  Error: INSTALLATION FAILED: template: frontend/templates/service.yaml:4:11:
  executing "frontend/templates/service.yaml" at <include "frontend.fullname"
  .>: error calling include: template: no template "frontend.fullname"
  associated with template "gotpl"
all: >-
  Error: INSTALLATION FAILED: template: frontend/templates/service.yaml:4:11:
  executing "frontend/templates/service.yaml" at <include "frontend.fullname"
  .>: error calling include: template: no template "frontend.fullname"
  associated with template "gotpl"
failed: true
timedOut: false
isCanceled: false
killed: false


[2022-03-09T21:38:22.406Z] Error: Unable to run docker command: Command "/Users/shiv/.garden/tools/docker/fa0336ac33b46eb5/docker/docker build -t backend-image:v-7b27ee2117 --build-arg GARDEN_MODULE_VERSION=v-7b27ee2117 /Users/shiv/Downloads/demo-project-helm/demo-project/.garden/build/backend-image" failed with code 1:

   #2 [internal] load .dockerignore
#2 transferring context: 2B done
#2 DONE 0.2s

#1 [internal] load build definition from Dockerfile
#1 transferring dockerfile: 37B 0.0s done
#1 DONE 0.4s

#3 [internal] load metadata for docker.io/library/golang:1.8.3-alpine
#3 ERROR: no match for platform in manifest sha256:1132c209b1018cbedae7011a0bcb9a0a42a572b2a94e517bfb7180c7d90d4a79: not found
------
> [internal] load metadata for docker.io/library/golang:1.8.3-alpine:
------
failed to solve with frontend dockerfile.v0: failed to create LLB definition: no match for platform in manifest sha256:1132c209b1018cbedae7011a0bcb9a0a42a572b2a94e517bfb7180c7d90d4a79: not found
    at Object.<anonymous> (/snapshot/project/tmp/pkg/cli/node_modules/@garden-io/core/build/src/plugins/container/helpers.js:0)
    at Generator.throw (<anonymous>)
    at rejected (/snapshot/project/tmp/pkg/cli/node_modules/@garden-io/core/build/src/plugins/container/helpers.js:0)

Error Details:

err:
  detail:
    cmd: /Users/shiv/.garden/tools/docker/fa0336ac33b46eb5/docker/docker
    args:
      - build
      - '-t'
      - 'backend-image:v-7b27ee2117'
      - '--build-arg'
      - GARDEN_MODULE_VERSION=v-7b27ee2117
      - >-
        /Users/shiv/Downloads/demo-project-helm/demo-project/.garden/build/backend-image
    opts:
      cwd: >-
        /Users/shiv/Downloads/demo-project-helm/demo-project/.garden/build/backend-image
      timeoutSec: 1200
      ignoreError: false
      env:
        USER: shiv
        COMMAND_MODE: unix2003
        LOGNAME: shiv
        PATH: >-
          /opt/homebrew/opt/openjdk/bin:/Users/shiv/.nvm/versions/node/v10.16.3/bin:/opt/homebrew/bin:/opt/homebrew/sbin:/Users/shiv/personal/web3/sol/stable/solana/bin:/Users/shiv/.local/share/solana/install/active_release/bin:/Applications/Postgres.app/Contents/Versions/9.6/bin:/usr/local/bin:/usr/local/bin:/usr/bin:/bin:/usr/sbin:/sbin:/Applications/VMware
          Fusion.app/Contents/Public:/Library/Apple/usr/bin:/Applications/Postgres.app/Contents/Versions/9.6/bin:/opt/homebrew/opt/openjdk/bin:/opt/homebrew/bin:/opt/homebrew/sbin:/Users/shiv/personal/web3/sol/stable/solana/bin:/Users/shiv/.local/share/solana/install/active_release/bin:/Users/shiv/.cargo/bin:/Users/shiv/Library/Android/sdk/platform-tools:/Users/shiv/Library/Android/sdk/platform-tools
        SSH_AUTH_SOCK: /private/tmp/com.apple.launchd.Us6KdymCfJ/Listeners
        SHELL: /bin/zsh
        HOME: /Users/shiv
        TMPDIR: /var/folders/rl/058w2s6d7cg8f2gzjcw8jtwc0000gn/T/
        XPC_SERVICE_NAME: '0'
        XPC_FLAGS: '0x0'
        ORIGINAL_XDG_CURRENT_DESKTOP: undefined
        PWD: /Users/shiv/Downloads/demo-project-helm/demo-project
        ANDROID_AVD_HOME: /Users/shiv/.android/avd
        APPLICATION_INSIGHTS_NO_DIAGNOSTIC_CHANNEL: 'true'
        MANPATH: >-
          /Users/shiv/.nvm/versions/node/v10.16.3/share/man:/opt/homebrew/share/man:/usr/share/man:/usr/local/share/man:/opt/homebrew/share/man:
        INFOPATH: '/opt/homebrew/share/info:/opt/homebrew/share/info:'
        HOMEBREW_PREFIX: /opt/homebrew
        ITERM_PROFILE: Default
        NVM_DIR: /Users/shiv/.nvm
        NVM_NODEJS_ORG_MIRROR: 'https://nodejs.org/dist'
        LC_TERMINAL_VERSION: 3.4.15
        LC_CTYPE: UTF-8
        TERM: xterm-256color
        TERM_SESSION_ID: 'w0t1p0:8093EB6E-0F81-43ED-B5B4-8CE96C5218B9'
        HOMEBREW_CELLAR: /opt/homebrew/Cellar
        SHLVL: '3'
        HOMEBREW_REPOSITORY: /opt/homebrew
        TERM_PROGRAM_VERSION: 1.64.1
        ANDROID_SDK_ROOT: /Users/shiv/Library/Android/sdk
        NVM_IOJS_ORG_MIRROR: 'https://iojs.org/dist'
        PROMPT: >-
          ${COLOR_USR}%n@%M ${COLOR_DIR}%d
          ${COLOR_GIT}$(parse_git_branch)${COLOR_DEF}${NEWLINE}%% 
        NVM_CD_FLAGS: '-q'
        COLORTERM: truecolor
        COLORFGBG: 7;0
        LC_TERMINAL: iTerm2
        ANDROID_HOME: /Users/shiv/Library/Android/sdk
        TERM_PROGRAM: vscode
        ITERM_SESSION_ID: 'w0t1p0:8093EB6E-0F81-43ED-B5B4-8CE96C5218B9'
        JAVA_HOME: /Library/Java/JavaVirtualMachines/zulu-8.jdk/Contents/Home
        NVM_BIN: /Users/shiv/.nvm/versions/node/v10.16.3/bin
        LANG: en_GB.UTF-8
        VSCODE_GIT_IPC_HANDLE: >-
          /var/folders/rl/058w2s6d7cg8f2gzjcw8jtwc0000gn/T/vscode-git-c5e76f27b4.sock
        GIT_ASKPASS: >-
          /Applications/Visual Studio
          Code.app/Contents/Resources/app/extensions/git/dist/askpass.sh
        VSCODE_GIT_ASKPASS_NODE: /Applications/Visual Studio Code.app/Contents/MacOS/Electron
        VSCODE_GIT_ASKPASS_EXTRA_ARGS: '--ms-enable-electron-run-as-node'
        VSCODE_GIT_ASKPASS_MAIN: >-
          /Applications/Visual Studio
          Code.app/Contents/Resources/app/extensions/git/dist/askpass-main.js
        DOCKER_CLI_EXPERIMENTAL: enabled
        PKG_EXECPATH: /opt/homebrew/Cellar/garden-cli/0.12.35/libexec/garden
      stdout:
        readable: false
        writable: false
        allowHalfOpen: true
        matcher: {}
        overflow: false
      stderr: ~err~detail~opts~stdout
    result:
      code: 1
      all: >
        #2 [internal] load .dockerignore

        #2 transferring context: 2B done

        #2 DONE 0.2s


        #1 [internal] load build definition from Dockerfile

        #1 transferring dockerfile: 37B 0.0s done

        #1 DONE 0.4s


        #3 [internal] load metadata for docker.io/library/golang:1.8.3-alpine

        #3 ERROR: no match for platform in manifest
        sha256:1132c209b1018cbedae7011a0bcb9a0a42a572b2a94e517bfb7180c7d90d4a79:
        not found

        ------
         > [internal] load metadata for docker.io/library/golang:1.8.3-alpine:
        ------

        failed to solve with frontend dockerfile.v0: failed to create LLB
        definition: no match for platform in manifest
        sha256:1132c209b1018cbedae7011a0bcb9a0a42a572b2a94e517bfb7180c7d90d4a79:
        not found
      stdout: ''
      stderr: >
        #2 [internal] load .dockerignore

        #2 transferring context: 2B done

        #2 DONE 0.2s


        #1 [internal] load build definition from Dockerfile

        #1 transferring dockerfile: 37B 0.0s done

        #1 DONE 0.4s


        #3 [internal] load metadata for docker.io/library/golang:1.8.3-alpine

        #3 ERROR: no match for platform in manifest
        sha256:1132c209b1018cbedae7011a0bcb9a0a42a572b2a94e517bfb7180c7d90d4a79:
        not found

        ------
         > [internal] load metadata for docker.io/library/golang:1.8.3-alpine:
        ------

        failed to solve with frontend dockerfile.v0: failed to create LLB
        definition: no match for platform in manifest
        sha256:1132c209b1018cbedae7011a0bcb9a0a42a572b2a94e517bfb7180c7d90d4a79:
        not found
      proc:
        connected: false
        signalCode: null
        exitCode: 1
        killed: false
        spawnfile: /Users/shiv/.garden/tools/docker/fa0336ac33b46eb5/docker/docker
        spawnargs:
          - /Users/shiv/.garden/tools/docker/fa0336ac33b46eb5/docker/docker
          - build
          - '-t'
          - 'backend-image:v-7b27ee2117'
          - '--build-arg'
          - GARDEN_MODULE_VERSION=v-7b27ee2117
          - >-
            /Users/shiv/Downloads/demo-project-helm/demo-project/.garden/build/backend-image
        pid: 96028
        stdin:
          connecting: false
          readable: false
          writable: false
          allowHalfOpen: false
          server: null
        stdout:
          connecting: false
          readable: false
          writable: false
          allowHalfOpen: false
          server: null
        stderr:
          connecting: false
          readable: false
          writable: false
          allowHalfOpen: false
          server: null
        stdio:
          - ~err~detail~result~proc~stdin
          - ~err~detail~result~proc~stdout
          - ~err~detail~result~proc~stderr
    code: 1
    all: >
      #2 [internal] load .dockerignore

      #2 transferring context: 2B done

      #2 DONE 0.2s


      #1 [internal] load build definition from Dockerfile

      #1 transferring dockerfile: 37B 0.0s done

      #1 DONE 0.4s


      #3 [internal] load metadata for docker.io/library/golang:1.8.3-alpine

      #3 ERROR: no match for platform in manifest
      sha256:1132c209b1018cbedae7011a0bcb9a0a42a572b2a94e517bfb7180c7d90d4a79:
      not found

      ------
       > [internal] load metadata for docker.io/library/golang:1.8.3-alpine:
      ------

      failed to solve with frontend dockerfile.v0: failed to create LLB
      definition: no match for platform in manifest
      sha256:1132c209b1018cbedae7011a0bcb9a0a42a572b2a94e517bfb7180c7d90d4a79:
      not found
    stdout: ''
    stderr: >
      #2 [internal] load .dockerignore

      #2 transferring context: 2B done

      #2 DONE 0.2s


      #1 [internal] load build definition from Dockerfile

      #1 transferring dockerfile: 37B 0.0s done

      #1 DONE 0.4s


      #3 [internal] load metadata for docker.io/library/golang:1.8.3-alpine

      #3 ERROR: no match for platform in manifest
      sha256:1132c209b1018cbedae7011a0bcb9a0a42a572b2a94e517bfb7180c7d90d4a79:
      not found

      ------
       > [internal] load metadata for docker.io/library/golang:1.8.3-alpine:
      ------

      failed to solve with frontend dockerfile.v0: failed to create LLB
      definition: no match for platform in manifest
      sha256:1132c209b1018cbedae7011a0bcb9a0a42a572b2a94e517bfb7180c7d90d4a79:
      not found
    proc: ~err~detail~result~proc
  type: runtime
args:
  - build
  - '-t'
  - 'backend-image:v-7b27ee2117'
  - '--build-arg'
  - GARDEN_MODULE_VERSION=v-7b27ee2117
  - >-
    /Users/shiv/Downloads/demo-project-helm/demo-project/.garden/build/backend-image
cwd: >-
  /Users/shiv/Downloads/demo-project-helm/demo-project/.garden/build/backend-image


[2022-03-09T21:38:22.426Z] Error: 2 test task(s) failed!
    at Object.<anonymous> (/snapshot/project/tmp/pkg/cli/node_modules/@garden-io/core/build/src/commands/base.js:0)
    at Generator.next (<anonymous>)
    at /snapshot/project/tmp/pkg/cli/node_modules/@garden-io/core/build/src/commands/base.js:0
    at new Promise (<anonymous>)
    at /snapshot/project/tmp/pkg/cli/node_modules/@garden-io/core/build/src/commands/base.js:0
    at Object.handleProcessResults (/snapshot/project/tmp/pkg/cli/node_modules/@garden-io/core/build/src/commands/base.js:0)
    at TestCommand.<anonymous> (/snapshot/project/tmp/pkg/cli/node_modules/@garden-io/core/build/src/commands/test.js:0)
    at Generator.next (<anonymous>)
    at fulfilled (/snapshot/project/tmp/pkg/cli/node_modules/@garden-io/core/build/src/commands/test.js:0)

Error Details:

results:
  test.frontend.unit:
    type: test
    description: running unit tests in module frontend
    key: test.frontend.unit
    name: frontend.unit
    error:
      shortMessage: >-
        Command failed with exit code 1:
        /Users/shiv/.garden/tools/helm/f7f497e15fc1ff81/darwin-amd64/helm
        --kube-context docker-desktop --namespace demo-project-default install
        frontend
        /Users/shiv/Downloads/demo-project-helm/demo-project/.garden/build/frontend
        --dry-run --namespace demo-project-default --output json --timeout 300s
        --values
        /Users/shiv/Downloads/demo-project-helm/demo-project/.garden/build/frontend/garden-values.yml
      command: >-
        /Users/shiv/.garden/tools/helm/f7f497e15fc1ff81/darwin-amd64/helm
        --kube-context docker-desktop --namespace demo-project-default install
        frontend
        /Users/shiv/Downloads/demo-project-helm/demo-project/.garden/build/frontend
        --dry-run --namespace demo-project-default --output json --timeout 300s
        --values
        /Users/shiv/Downloads/demo-project-helm/demo-project/.garden/build/frontend/garden-values.yml
      exitCode: 1
      stdout: ''
      stderr: >-
        Error: INSTALLATION FAILED: template:
        frontend/templates/service.yaml:4:11: executing
        "frontend/templates/service.yaml" at <include "frontend.fullname" .>:
        error calling include: template: no template "frontend.fullname"
        associated with template "gotpl"
      all: >-
        Error: INSTALLATION FAILED: template:
        frontend/templates/service.yaml:4:11: executing
        "frontend/templates/service.yaml" at <include "frontend.fullname" .>:
        error calling include: template: no template "frontend.fullname"
        associated with template "gotpl"
      failed: true
      timedOut: false
      isCanceled: false
      killed: false
    startedAt: '2022-03-09T21:38:19.605Z'
    completedAt: '2022-03-09T21:38:21.484Z'
    batchId: 35ea178c-6e84-421a-aa1b-6a88c168a8f1
    version: v-b89f0c3da1
  build.backend-image:
    type: build
    description: building backend-image
    key: build.backend-image
    name: backend-image
    error:
      detail:
        err:
          detail:
            cmd: /Users/shiv/.garden/tools/docker/fa0336ac33b46eb5/docker/docker
            args:
              - build
              - '-t'
              - 'backend-image:v-7b27ee2117'
              - '--build-arg'
              - GARDEN_MODULE_VERSION=v-7b27ee2117
              - >-
                /Users/shiv/Downloads/demo-project-helm/demo-project/.garden/build/backend-image
            opts:
              cwd: >-
                /Users/shiv/Downloads/demo-project-helm/demo-project/.garden/build/backend-image
              timeoutSec: 1200
              ignoreError: false
              env:
                USER: shiv
                COMMAND_MODE: unix2003
                LOGNAME: shiv
                PATH: >-
                  /opt/homebrew/opt/openjdk/bin:/Users/shiv/.nvm/versions/node/v10.16.3/bin:/opt/homebrew/bin:/opt/homebrew/sbin:/Users/shiv/personal/web3/sol/stable/solana/bin:/Users/shiv/.local/share/solana/install/active_release/bin:/Applications/Postgres.app/Contents/Versions/9.6/bin:/usr/local/bin:/usr/local/bin:/usr/bin:/bin:/usr/sbin:/sbin:/Applications/VMware
                  Fusion.app/Contents/Public:/Library/Apple/usr/bin:/Applications/Postgres.app/Contents/Versions/9.6/bin:/opt/homebrew/opt/openjdk/bin:/opt/homebrew/bin:/opt/homebrew/sbin:/Users/shiv/personal/web3/sol/stable/solana/bin:/Users/shiv/.local/share/solana/install/active_release/bin:/Users/shiv/.cargo/bin:/Users/shiv/Library/Android/sdk/platform-tools:/Users/shiv/Library/Android/sdk/platform-tools
                SSH_AUTH_SOCK: /private/tmp/com.apple.launchd.Us6KdymCfJ/Listeners
                SHELL: /bin/zsh
                HOME: /Users/shiv
                TMPDIR: /var/folders/rl/058w2s6d7cg8f2gzjcw8jtwc0000gn/T/
                XPC_SERVICE_NAME: '0'
                XPC_FLAGS: '0x0'
                ORIGINAL_XDG_CURRENT_DESKTOP: undefined
                PWD: /Users/shiv/Downloads/demo-project-helm/demo-project
                ANDROID_AVD_HOME: /Users/shiv/.android/avd
                APPLICATION_INSIGHTS_NO_DIAGNOSTIC_CHANNEL: 'true'
                MANPATH: >-
                  /Users/shiv/.nvm/versions/node/v10.16.3/share/man:/opt/homebrew/share/man:/usr/share/man:/usr/local/share/man:/opt/homebrew/share/man:
                INFOPATH: '/opt/homebrew/share/info:/opt/homebrew/share/info:'
                HOMEBREW_PREFIX: /opt/homebrew
                ITERM_PROFILE: Default
                NVM_DIR: /Users/shiv/.nvm
                NVM_NODEJS_ORG_MIRROR: 'https://nodejs.org/dist'
                LC_TERMINAL_VERSION: 3.4.15
                LC_CTYPE: UTF-8
                TERM: xterm-256color
                TERM_SESSION_ID: 'w0t1p0:8093EB6E-0F81-43ED-B5B4-8CE96C5218B9'
                HOMEBREW_CELLAR: /opt/homebrew/Cellar
                SHLVL: '3'
                HOMEBREW_REPOSITORY: /opt/homebrew
                TERM_PROGRAM_VERSION: 1.64.1
                ANDROID_SDK_ROOT: /Users/shiv/Library/Android/sdk
                NVM_IOJS_ORG_MIRROR: 'https://iojs.org/dist'
                PROMPT: >-
                  ${COLOR_USR}%n@%M ${COLOR_DIR}%d
                  ${COLOR_GIT}$(parse_git_branch)${COLOR_DEF}${NEWLINE}%% 
                NVM_CD_FLAGS: '-q'
                COLORTERM: truecolor
                COLORFGBG: 7;0
                LC_TERMINAL: iTerm2
                ANDROID_HOME: /Users/shiv/Library/Android/sdk
                TERM_PROGRAM: vscode
                ITERM_SESSION_ID: 'w0t1p0:8093EB6E-0F81-43ED-B5B4-8CE96C5218B9'
                JAVA_HOME: /Library/Java/JavaVirtualMachines/zulu-8.jdk/Contents/Home
                NVM_BIN: /Users/shiv/.nvm/versions/node/v10.16.3/bin
                LANG: en_GB.UTF-8
                VSCODE_GIT_IPC_HANDLE: >-
                  /var/folders/rl/058w2s6d7cg8f2gzjcw8jtwc0000gn/T/vscode-git-c5e76f27b4.sock
                GIT_ASKPASS: >-
                  /Applications/Visual Studio
                  Code.app/Contents/Resources/app/extensions/git/dist/askpass.sh
                VSCODE_GIT_ASKPASS_NODE: /Applications/Visual Studio Code.app/Contents/MacOS/Electron
                VSCODE_GIT_ASKPASS_EXTRA_ARGS: '--ms-enable-electron-run-as-node'
                VSCODE_GIT_ASKPASS_MAIN: >-
                  /Applications/Visual Studio
                  Code.app/Contents/Resources/app/extensions/git/dist/askpass-main.js
                DOCKER_CLI_EXPERIMENTAL: enabled
                PKG_EXECPATH: /opt/homebrew/Cellar/garden-cli/0.12.35/libexec/garden
              stdout:
                readable: false
                writable: false
                allowHalfOpen: true
                matcher: {}
                overflow: false
              stderr: ~results~build.backend-image~error~detail~err~detail~opts~stdout
            result:
              code: 1
              all: >
                #2 [internal] load .dockerignore

                #2 transferring context: 2B done

                #2 DONE 0.2s


                #1 [internal] load build definition from Dockerfile

                #1 transferring dockerfile: 37B 0.0s done

                #1 DONE 0.4s


                #3 [internal] load metadata for
                docker.io/library/golang:1.8.3-alpine

                #3 ERROR: no match for platform in manifest
                sha256:1132c209b1018cbedae7011a0bcb9a0a42a572b2a94e517bfb7180c7d90d4a79:
                not found

                ------
                 > [internal] load metadata for docker.io/library/golang:1.8.3-alpine:
                ------

                failed to solve with frontend dockerfile.v0: failed to create
                LLB definition: no match for platform in manifest
                sha256:1132c209b1018cbedae7011a0bcb9a0a42a572b2a94e517bfb7180c7d90d4a79:
                not found
              stdout: ''
              stderr: >
                #2 [internal] load .dockerignore

                #2 transferring context: 2B done

                #2 DONE 0.2s


                #1 [internal] load build definition from Dockerfile

                #1 transferring dockerfile: 37B 0.0s done

                #1 DONE 0.4s


                #3 [internal] load metadata for
                docker.io/library/golang:1.8.3-alpine

                #3 ERROR: no match for platform in manifest
                sha256:1132c209b1018cbedae7011a0bcb9a0a42a572b2a94e517bfb7180c7d90d4a79:
                not found

                ------
                 > [internal] load metadata for docker.io/library/golang:1.8.3-alpine:
                ------

                failed to solve with frontend dockerfile.v0: failed to create
                LLB definition: no match for platform in manifest
                sha256:1132c209b1018cbedae7011a0bcb9a0a42a572b2a94e517bfb7180c7d90d4a79:
                not found
              proc:
                connected: false
                signalCode: null
                exitCode: 1
                killed: false
                spawnfile: >-
                  /Users/shiv/.garden/tools/docker/fa0336ac33b46eb5/docker/docker
                spawnargs:
                  - >-
                    /Users/shiv/.garden/tools/docker/fa0336ac33b46eb5/docker/docker
                  - build
                  - '-t'
                  - 'backend-image:v-7b27ee2117'
                  - '--build-arg'
                  - GARDEN_MODULE_VERSION=v-7b27ee2117
                  - >-
                    /Users/shiv/Downloads/demo-project-helm/demo-project/.garden/build/backend-image
                pid: 96028
                stdin:
                  connecting: false
                  readable: false
                  writable: false
                  allowHalfOpen: false
                  server: null
                stdout:
                  connecting: false
                  readable: false
                  writable: false
                  allowHalfOpen: false
                  server: null
                stderr:
                  connecting: false
                  readable: false
                  writable: false
                  allowHalfOpen: false
                  server: null
                stdio:
                  - >-
                    ~results~build.backend-image~error~detail~err~detail~result~proc~stdin
                  - >-
                    ~results~build.backend-image~error~detail~err~detail~result~proc~stdout
                  - >-
                    ~results~build.backend-image~error~detail~err~detail~result~proc~stderr
            code: 1
            all: >
              #2 [internal] load .dockerignore

              #2 transferring context: 2B done

              #2 DONE 0.2s


              #1 [internal] load build definition from Dockerfile

              #1 transferring dockerfile: 37B 0.0s done

              #1 DONE 0.4s


              #3 [internal] load metadata for
              docker.io/library/golang:1.8.3-alpine

              #3 ERROR: no match for platform in manifest
              sha256:1132c209b1018cbedae7011a0bcb9a0a42a572b2a94e517bfb7180c7d90d4a79:
              not found

              ------
               > [internal] load metadata for docker.io/library/golang:1.8.3-alpine:
              ------

              failed to solve with frontend dockerfile.v0: failed to create LLB
              definition: no match for platform in manifest
              sha256:1132c209b1018cbedae7011a0bcb9a0a42a572b2a94e517bfb7180c7d90d4a79:
              not found
            stdout: ''
            stderr: >
              #2 [internal] load .dockerignore

              #2 transferring context: 2B done

              #2 DONE 0.2s


              #1 [internal] load build definition from Dockerfile

              #1 transferring dockerfile: 37B 0.0s done

              #1 DONE 0.4s


              #3 [internal] load metadata for
              docker.io/library/golang:1.8.3-alpine

              #3 ERROR: no match for platform in manifest
              sha256:1132c209b1018cbedae7011a0bcb9a0a42a572b2a94e517bfb7180c7d90d4a79:
              not found

              ------
               > [internal] load metadata for docker.io/library/golang:1.8.3-alpine:
              ------

              failed to solve with frontend dockerfile.v0: failed to create LLB
              definition: no match for platform in manifest
              sha256:1132c209b1018cbedae7011a0bcb9a0a42a572b2a94e517bfb7180c7d90d4a79:
              not found
            proc: ~results~build.backend-image~error~detail~err~detail~result~proc
          type: runtime
        args: ~results~build.backend-image~error~detail~err~detail~args
        cwd: >-
          /Users/shiv/Downloads/demo-project-helm/demo-project/.garden/build/backend-image
      type: runtime
    startedAt: '2022-03-09T21:38:17.349Z'
    completedAt: '2022-03-09T21:38:22.380Z'
    batchId: 35ea178c-6e84-421a-aa1b-6a88c168a8f1
    version: v-7b27ee2117


[2022-03-09T21:39:28.817Z] Error: Command "/Users/shiv/.garden/tools/helm/f7f497e15fc1ff81/darwin-amd64/helm --kube-context docker-desktop --namespace demo-project-default install frontend /Users/shiv/Downloads/demo-project-helm/demo-project/.garden/build/frontend --dry-run --namespace demo-project-default --output json --timeout 300s --values /Users/shiv/Downloads/demo-project-helm/demo-project/.garden/build/frontend/garden-values.yml" failed with code 1:

Error: INSTALLATION FAILED: template: frontend/templates/service.yaml:11:18: executing "frontend/templates/service.yaml" at <.Values.service.type>: nil pointer evaluating interface {}.type

Error: INSTALLATION FAILED: template: frontend/templates/service.yaml:11:18: executing "frontend/templates/service.yaml" at <.Values.service.type>: nil pointer evaluating interface {}.type
    at makeError (/snapshot/project/tmp/pkg/cli/node_modules/execa/lib/error.js:59:11)
    at handlePromise (/snapshot/project/tmp/pkg/cli/node_modules/execa/index.js:114:26)
    at runMicrotasks (<anonymous>)
    at processTicksAndRejections (internal/process/task_queues.js:97:5)

Error Details:

shortMessage: >-
  Command failed with exit code 1:
  /Users/shiv/.garden/tools/helm/f7f497e15fc1ff81/darwin-amd64/helm
  --kube-context docker-desktop --namespace demo-project-default install
  frontend
  /Users/shiv/Downloads/demo-project-helm/demo-project/.garden/build/frontend
  --dry-run --namespace demo-project-default --output json --timeout 300s
  --values
  /Users/shiv/Downloads/demo-project-helm/demo-project/.garden/build/frontend/garden-values.yml
command: >-
  /Users/shiv/.garden/tools/helm/f7f497e15fc1ff81/darwin-amd64/helm
  --kube-context docker-desktop --namespace demo-project-default install
  frontend
  /Users/shiv/Downloads/demo-project-helm/demo-project/.garden/build/frontend
  --dry-run --namespace demo-project-default --output json --timeout 300s
  --values
  /Users/shiv/Downloads/demo-project-helm/demo-project/.garden/build/frontend/garden-values.yml
exitCode: 1
stdout: ''
stderr: >-
  Error: INSTALLATION FAILED: template: frontend/templates/service.yaml:11:18:
  executing "frontend/templates/service.yaml" at <.Values.service.type>: nil
  pointer evaluating interface {}.type
all: >-
  Error: INSTALLATION FAILED: template: frontend/templates/service.yaml:11:18:
  executing "frontend/templates/service.yaml" at <.Values.service.type>: nil
  pointer evaluating interface {}.type
failed: true
timedOut: false
isCanceled: false
killed: false


[2022-03-09T21:39:29.881Z] Error: Unable to run docker command: Command "/Users/shiv/.garden/tools/docker/fa0336ac33b46eb5/docker/docker build -t backend-image:v-7b27ee2117 --build-arg GARDEN_MODULE_VERSION=v-7b27ee2117 /Users/shiv/Downloads/demo-project-helm/demo-project/.garden/build/backend-image" failed with code 1:

   #1 [internal] load build definition from Dockerfile
#1 transferring dockerfile: 37B 0.0s done
#1 DONE 0.3s

#2 [internal] load .dockerignore
#2 transferring context: 2B done
#2 DONE 0.3s

#3 [internal] load metadata for docker.io/library/golang:1.8.3-alpine
#3 ERROR: no match for platform in manifest sha256:1132c209b1018cbedae7011a0bcb9a0a42a572b2a94e517bfb7180c7d90d4a79: not found
------
> [internal] load metadata for docker.io/library/golang:1.8.3-alpine:
------
failed to solve with frontend dockerfile.v0: failed to create LLB definition: no match for platform in manifest sha256:1132c209b1018cbedae7011a0bcb9a0a42a572b2a94e517bfb7180c7d90d4a79: not found
    at Object.<anonymous> (/snapshot/project/tmp/pkg/cli/node_modules/@garden-io/core/build/src/plugins/container/helpers.js:0)
    at Generator.throw (<anonymous>)
    at rejected (/snapshot/project/tmp/pkg/cli/node_modules/@garden-io/core/build/src/plugins/container/helpers.js:0)

Error Details:

err:
  detail:
    cmd: /Users/shiv/.garden/tools/docker/fa0336ac33b46eb5/docker/docker
    args:
      - build
      - '-t'
      - 'backend-image:v-7b27ee2117'
      - '--build-arg'
      - GARDEN_MODULE_VERSION=v-7b27ee2117
      - >-
        /Users/shiv/Downloads/demo-project-helm/demo-project/.garden/build/backend-image
    opts:
      cwd: >-
        /Users/shiv/Downloads/demo-project-helm/demo-project/.garden/build/backend-image
      timeoutSec: 1200
      ignoreError: false
      env:
        USER: shiv
        COMMAND_MODE: unix2003
        LOGNAME: shiv
        PATH: >-
          /opt/homebrew/opt/openjdk/bin:/Users/shiv/.nvm/versions/node/v10.16.3/bin:/opt/homebrew/bin:/opt/homebrew/sbin:/Users/shiv/personal/web3/sol/stable/solana/bin:/Users/shiv/.local/share/solana/install/active_release/bin:/Applications/Postgres.app/Contents/Versions/9.6/bin:/usr/local/bin:/usr/local/bin:/usr/bin:/bin:/usr/sbin:/sbin:/Applications/VMware
          Fusion.app/Contents/Public:/Library/Apple/usr/bin:/Applications/Postgres.app/Contents/Versions/9.6/bin:/opt/homebrew/opt/openjdk/bin:/opt/homebrew/bin:/opt/homebrew/sbin:/Users/shiv/personal/web3/sol/stable/solana/bin:/Users/shiv/.local/share/solana/install/active_release/bin:/Users/shiv/.cargo/bin:/Users/shiv/Library/Android/sdk/platform-tools:/Users/shiv/Library/Android/sdk/platform-tools
        SSH_AUTH_SOCK: /private/tmp/com.apple.launchd.Us6KdymCfJ/Listeners
        SHELL: /bin/zsh
        HOME: /Users/shiv
        TMPDIR: /var/folders/rl/058w2s6d7cg8f2gzjcw8jtwc0000gn/T/
        XPC_SERVICE_NAME: '0'
        XPC_FLAGS: '0x0'
        ORIGINAL_XDG_CURRENT_DESKTOP: undefined
        PWD: /Users/shiv/Downloads/demo-project-helm/demo-project
        ANDROID_AVD_HOME: /Users/shiv/.android/avd
        APPLICATION_INSIGHTS_NO_DIAGNOSTIC_CHANNEL: 'true'
        MANPATH: >-
          /Users/shiv/.nvm/versions/node/v10.16.3/share/man:/opt/homebrew/share/man:/usr/share/man:/usr/local/share/man:/opt/homebrew/share/man:
        INFOPATH: '/opt/homebrew/share/info:/opt/homebrew/share/info:'
        HOMEBREW_PREFIX: /opt/homebrew
        ITERM_PROFILE: Default
        NVM_DIR: /Users/shiv/.nvm
        NVM_NODEJS_ORG_MIRROR: 'https://nodejs.org/dist'
        LC_TERMINAL_VERSION: 3.4.15
        LC_CTYPE: UTF-8
        TERM: xterm-256color
        TERM_SESSION_ID: 'w0t1p0:8093EB6E-0F81-43ED-B5B4-8CE96C5218B9'
        HOMEBREW_CELLAR: /opt/homebrew/Cellar
        SHLVL: '3'
        HOMEBREW_REPOSITORY: /opt/homebrew
        TERM_PROGRAM_VERSION: 1.64.1
        ANDROID_SDK_ROOT: /Users/shiv/Library/Android/sdk
        NVM_IOJS_ORG_MIRROR: 'https://iojs.org/dist'
        PROMPT: >-
          ${COLOR_USR}%n@%M ${COLOR_DIR}%d
          ${COLOR_GIT}$(parse_git_branch)${COLOR_DEF}${NEWLINE}%% 
        NVM_CD_FLAGS: '-q'
        COLORTERM: truecolor
        COLORFGBG: 7;0
        LC_TERMINAL: iTerm2
        ANDROID_HOME: /Users/shiv/Library/Android/sdk
        TERM_PROGRAM: vscode
        ITERM_SESSION_ID: 'w0t1p0:8093EB6E-0F81-43ED-B5B4-8CE96C5218B9'
        JAVA_HOME: /Library/Java/JavaVirtualMachines/zulu-8.jdk/Contents/Home
        NVM_BIN: /Users/shiv/.nvm/versions/node/v10.16.3/bin
        LANG: en_GB.UTF-8
        VSCODE_GIT_IPC_HANDLE: >-
          /var/folders/rl/058w2s6d7cg8f2gzjcw8jtwc0000gn/T/vscode-git-c5e76f27b4.sock
        GIT_ASKPASS: >-
          /Applications/Visual Studio
          Code.app/Contents/Resources/app/extensions/git/dist/askpass.sh
        VSCODE_GIT_ASKPASS_NODE: /Applications/Visual Studio Code.app/Contents/MacOS/Electron
        VSCODE_GIT_ASKPASS_EXTRA_ARGS: '--ms-enable-electron-run-as-node'
        VSCODE_GIT_ASKPASS_MAIN: >-
          /Applications/Visual Studio
          Code.app/Contents/Resources/app/extensions/git/dist/askpass-main.js
        DOCKER_CLI_EXPERIMENTAL: enabled
        PKG_EXECPATH: /opt/homebrew/Cellar/garden-cli/0.12.35/libexec/garden
      stdout:
        readable: false
        writable: false
        allowHalfOpen: true
        matcher: {}
        overflow: false
      stderr: ~err~detail~opts~stdout
    result:
      code: 1
      all: >
        #1 [internal] load build definition from Dockerfile

        #1 transferring dockerfile: 37B 0.0s done

        #1 DONE 0.3s


        #2 [internal] load .dockerignore

        #2 transferring context: 2B done

        #2 DONE 0.3s


        #3 [internal] load metadata for docker.io/library/golang:1.8.3-alpine

        #3 ERROR: no match for platform in manifest
        sha256:1132c209b1018cbedae7011a0bcb9a0a42a572b2a94e517bfb7180c7d90d4a79:
        not found

        ------
         > [internal] load metadata for docker.io/library/golang:1.8.3-alpine:
        ------

        failed to solve with frontend dockerfile.v0: failed to create LLB
        definition: no match for platform in manifest
        sha256:1132c209b1018cbedae7011a0bcb9a0a42a572b2a94e517bfb7180c7d90d4a79:
        not found
      stdout: ''
      stderr: >
        #1 [internal] load build definition from Dockerfile

        #1 transferring dockerfile: 37B 0.0s done

        #1 DONE 0.3s


        #2 [internal] load .dockerignore

        #2 transferring context: 2B done

        #2 DONE 0.3s


        #3 [internal] load metadata for docker.io/library/golang:1.8.3-alpine

        #3 ERROR: no match for platform in manifest
        sha256:1132c209b1018cbedae7011a0bcb9a0a42a572b2a94e517bfb7180c7d90d4a79:
        not found

        ------
         > [internal] load metadata for docker.io/library/golang:1.8.3-alpine:
        ------

        failed to solve with frontend dockerfile.v0: failed to create LLB
        definition: no match for platform in manifest
        sha256:1132c209b1018cbedae7011a0bcb9a0a42a572b2a94e517bfb7180c7d90d4a79:
        not found
      proc:
        connected: false
        signalCode: null
        exitCode: 1
        killed: false
        spawnfile: /Users/shiv/.garden/tools/docker/fa0336ac33b46eb5/docker/docker
        spawnargs:
          - /Users/shiv/.garden/tools/docker/fa0336ac33b46eb5/docker/docker
          - build
          - '-t'
          - 'backend-image:v-7b27ee2117'
          - '--build-arg'
          - GARDEN_MODULE_VERSION=v-7b27ee2117
          - >-
            /Users/shiv/Downloads/demo-project-helm/demo-project/.garden/build/backend-image
        pid: 96243
        stdin:
          connecting: false
          readable: false
          writable: false
          allowHalfOpen: false
          server: null
        stdout:
          connecting: false
          readable: false
          writable: false
          allowHalfOpen: false
          server: null
        stderr:
          connecting: false
          readable: false
          writable: false
          allowHalfOpen: false
          server: null
        stdio:
          - ~err~detail~result~proc~stdin
          - ~err~detail~result~proc~stdout
          - ~err~detail~result~proc~stderr
    code: 1
    all: >
      #1 [internal] load build definition from Dockerfile

      #1 transferring dockerfile: 37B 0.0s done

      #1 DONE 0.3s


      #2 [internal] load .dockerignore

      #2 transferring context: 2B done

      #2 DONE 0.3s


      #3 [internal] load metadata for docker.io/library/golang:1.8.3-alpine

      #3 ERROR: no match for platform in manifest
      sha256:1132c209b1018cbedae7011a0bcb9a0a42a572b2a94e517bfb7180c7d90d4a79:
      not found

      ------
       > [internal] load metadata for docker.io/library/golang:1.8.3-alpine:
      ------

      failed to solve with frontend dockerfile.v0: failed to create LLB
      definition: no match for platform in manifest
      sha256:1132c209b1018cbedae7011a0bcb9a0a42a572b2a94e517bfb7180c7d90d4a79:
      not found
    stdout: ''
    stderr: >
      #1 [internal] load build definition from Dockerfile

      #1 transferring dockerfile: 37B 0.0s done

      #1 DONE 0.3s


      #2 [internal] load .dockerignore

      #2 transferring context: 2B done

      #2 DONE 0.3s


      #3 [internal] load metadata for docker.io/library/golang:1.8.3-alpine

      #3 ERROR: no match for platform in manifest
      sha256:1132c209b1018cbedae7011a0bcb9a0a42a572b2a94e517bfb7180c7d90d4a79:
      not found

      ------
       > [internal] load metadata for docker.io/library/golang:1.8.3-alpine:
      ------

      failed to solve with frontend dockerfile.v0: failed to create LLB
      definition: no match for platform in manifest
      sha256:1132c209b1018cbedae7011a0bcb9a0a42a572b2a94e517bfb7180c7d90d4a79:
      not found
    proc: ~err~detail~result~proc
  type: runtime
args:
  - build
  - '-t'
  - 'backend-image:v-7b27ee2117'
  - '--build-arg'
  - GARDEN_MODULE_VERSION=v-7b27ee2117
  - >-
    /Users/shiv/Downloads/demo-project-helm/demo-project/.garden/build/backend-image
cwd: >-
  /Users/shiv/Downloads/demo-project-helm/demo-project/.garden/build/backend-image


[2022-03-09T21:39:29.906Z] Error: 2 test task(s) failed!
    at Object.<anonymous> (/snapshot/project/tmp/pkg/cli/node_modules/@garden-io/core/build/src/commands/base.js:0)
    at Generator.next (<anonymous>)
    at /snapshot/project/tmp/pkg/cli/node_modules/@garden-io/core/build/src/commands/base.js:0
    at new Promise (<anonymous>)
    at /snapshot/project/tmp/pkg/cli/node_modules/@garden-io/core/build/src/commands/base.js:0
    at Object.handleProcessResults (/snapshot/project/tmp/pkg/cli/node_modules/@garden-io/core/build/src/commands/base.js:0)
    at TestCommand.<anonymous> (/snapshot/project/tmp/pkg/cli/node_modules/@garden-io/core/build/src/commands/test.js:0)
    at Generator.next (<anonymous>)
    at fulfilled (/snapshot/project/tmp/pkg/cli/node_modules/@garden-io/core/build/src/commands/test.js:0)

Error Details:

results:
  test.frontend.unit:
    type: test
    description: running unit tests in module frontend
    key: test.frontend.unit
    name: frontend.unit
    error:
      shortMessage: >-
        Command failed with exit code 1:
        /Users/shiv/.garden/tools/helm/f7f497e15fc1ff81/darwin-amd64/helm
        --kube-context docker-desktop --namespace demo-project-default install
        frontend
        /Users/shiv/Downloads/demo-project-helm/demo-project/.garden/build/frontend
        --dry-run --namespace demo-project-default --output json --timeout 300s
        --values
        /Users/shiv/Downloads/demo-project-helm/demo-project/.garden/build/frontend/garden-values.yml
      command: >-
        /Users/shiv/.garden/tools/helm/f7f497e15fc1ff81/darwin-amd64/helm
        --kube-context docker-desktop --namespace demo-project-default install
        frontend
        /Users/shiv/Downloads/demo-project-helm/demo-project/.garden/build/frontend
        --dry-run --namespace demo-project-default --output json --timeout 300s
        --values
        /Users/shiv/Downloads/demo-project-helm/demo-project/.garden/build/frontend/garden-values.yml
      exitCode: 1
      stdout: ''
      stderr: >-
        Error: INSTALLATION FAILED: template:
        frontend/templates/service.yaml:11:18: executing
        "frontend/templates/service.yaml" at <.Values.service.type>: nil pointer
        evaluating interface {}.type
      all: >-
        Error: INSTALLATION FAILED: template:
        frontend/templates/service.yaml:11:18: executing
        "frontend/templates/service.yaml" at <.Values.service.type>: nil pointer
        evaluating interface {}.type
      failed: true
      timedOut: false
      isCanceled: false
      killed: false
    startedAt: '2022-03-09T21:39:26.853Z'
    completedAt: '2022-03-09T21:39:28.807Z'
    batchId: 62ee7cce-1eed-43be-9459-e705e2fd69cf
    version: v-47e7361596
  build.backend-image:
    type: build
    description: building backend-image
    key: build.backend-image
    name: backend-image
    error:
      detail:
        err:
          detail:
            cmd: /Users/shiv/.garden/tools/docker/fa0336ac33b46eb5/docker/docker
            args:
              - build
              - '-t'
              - 'backend-image:v-7b27ee2117'
              - '--build-arg'
              - GARDEN_MODULE_VERSION=v-7b27ee2117
              - >-
                /Users/shiv/Downloads/demo-project-helm/demo-project/.garden/build/backend-image
            opts:
              cwd: >-
                /Users/shiv/Downloads/demo-project-helm/demo-project/.garden/build/backend-image
              timeoutSec: 1200
              ignoreError: false
              env:
                USER: shiv
                COMMAND_MODE: unix2003
                LOGNAME: shiv
                PATH: >-
                  /opt/homebrew/opt/openjdk/bin:/Users/shiv/.nvm/versions/node/v10.16.3/bin:/opt/homebrew/bin:/opt/homebrew/sbin:/Users/shiv/personal/web3/sol/stable/solana/bin:/Users/shiv/.local/share/solana/install/active_release/bin:/Applications/Postgres.app/Contents/Versions/9.6/bin:/usr/local/bin:/usr/local/bin:/usr/bin:/bin:/usr/sbin:/sbin:/Applications/VMware
                  Fusion.app/Contents/Public:/Library/Apple/usr/bin:/Applications/Postgres.app/Contents/Versions/9.6/bin:/opt/homebrew/opt/openjdk/bin:/opt/homebrew/bin:/opt/homebrew/sbin:/Users/shiv/personal/web3/sol/stable/solana/bin:/Users/shiv/.local/share/solana/install/active_release/bin:/Users/shiv/.cargo/bin:/Users/shiv/Library/Android/sdk/platform-tools:/Users/shiv/Library/Android/sdk/platform-tools
                SSH_AUTH_SOCK: /private/tmp/com.apple.launchd.Us6KdymCfJ/Listeners
                SHELL: /bin/zsh
                HOME: /Users/shiv
                TMPDIR: /var/folders/rl/058w2s6d7cg8f2gzjcw8jtwc0000gn/T/
                XPC_SERVICE_NAME: '0'
                XPC_FLAGS: '0x0'
                ORIGINAL_XDG_CURRENT_DESKTOP: undefined
                PWD: /Users/shiv/Downloads/demo-project-helm/demo-project
                ANDROID_AVD_HOME: /Users/shiv/.android/avd
                APPLICATION_INSIGHTS_NO_DIAGNOSTIC_CHANNEL: 'true'
                MANPATH: >-
                  /Users/shiv/.nvm/versions/node/v10.16.3/share/man:/opt/homebrew/share/man:/usr/share/man:/usr/local/share/man:/opt/homebrew/share/man:
                INFOPATH: '/opt/homebrew/share/info:/opt/homebrew/share/info:'
                HOMEBREW_PREFIX: /opt/homebrew
                ITERM_PROFILE: Default
                NVM_DIR: /Users/shiv/.nvm
                NVM_NODEJS_ORG_MIRROR: 'https://nodejs.org/dist'
                LC_TERMINAL_VERSION: 3.4.15
                LC_CTYPE: UTF-8
                TERM: xterm-256color
                TERM_SESSION_ID: 'w0t1p0:8093EB6E-0F81-43ED-B5B4-8CE96C5218B9'
                HOMEBREW_CELLAR: /opt/homebrew/Cellar
                SHLVL: '3'
                HOMEBREW_REPOSITORY: /opt/homebrew
                TERM_PROGRAM_VERSION: 1.64.1
                ANDROID_SDK_ROOT: /Users/shiv/Library/Android/sdk
                NVM_IOJS_ORG_MIRROR: 'https://iojs.org/dist'
                PROMPT: >-
                  ${COLOR_USR}%n@%M ${COLOR_DIR}%d
                  ${COLOR_GIT}$(parse_git_branch)${COLOR_DEF}${NEWLINE}%% 
                NVM_CD_FLAGS: '-q'
                COLORTERM: truecolor
                COLORFGBG: 7;0
                LC_TERMINAL: iTerm2
                ANDROID_HOME: /Users/shiv/Library/Android/sdk
                TERM_PROGRAM: vscode
                ITERM_SESSION_ID: 'w0t1p0:8093EB6E-0F81-43ED-B5B4-8CE96C5218B9'
                JAVA_HOME: /Library/Java/JavaVirtualMachines/zulu-8.jdk/Contents/Home
                NVM_BIN: /Users/shiv/.nvm/versions/node/v10.16.3/bin
                LANG: en_GB.UTF-8
                VSCODE_GIT_IPC_HANDLE: >-
                  /var/folders/rl/058w2s6d7cg8f2gzjcw8jtwc0000gn/T/vscode-git-c5e76f27b4.sock
                GIT_ASKPASS: >-
                  /Applications/Visual Studio
                  Code.app/Contents/Resources/app/extensions/git/dist/askpass.sh
                VSCODE_GIT_ASKPASS_NODE: /Applications/Visual Studio Code.app/Contents/MacOS/Electron
                VSCODE_GIT_ASKPASS_EXTRA_ARGS: '--ms-enable-electron-run-as-node'
                VSCODE_GIT_ASKPASS_MAIN: >-
                  /Applications/Visual Studio
                  Code.app/Contents/Resources/app/extensions/git/dist/askpass-main.js
                DOCKER_CLI_EXPERIMENTAL: enabled
                PKG_EXECPATH: /opt/homebrew/Cellar/garden-cli/0.12.35/libexec/garden
              stdout:
                readable: false
                writable: false
                allowHalfOpen: true
                matcher: {}
                overflow: false
              stderr: ~results~build.backend-image~error~detail~err~detail~opts~stdout
            result:
              code: 1
              all: >
                #1 [internal] load build definition from Dockerfile

                #1 transferring dockerfile: 37B 0.0s done

                #1 DONE 0.3s


                #2 [internal] load .dockerignore

                #2 transferring context: 2B done

                #2 DONE 0.3s


                #3 [internal] load metadata for
                docker.io/library/golang:1.8.3-alpine

                #3 ERROR: no match for platform in manifest
                sha256:1132c209b1018cbedae7011a0bcb9a0a42a572b2a94e517bfb7180c7d90d4a79:
                not found

                ------
                 > [internal] load metadata for docker.io/library/golang:1.8.3-alpine:
                ------

                failed to solve with frontend dockerfile.v0: failed to create
                LLB definition: no match for platform in manifest
                sha256:1132c209b1018cbedae7011a0bcb9a0a42a572b2a94e517bfb7180c7d90d4a79:
                not found
              stdout: ''
              stderr: >
                #1 [internal] load build definition from Dockerfile

                #1 transferring dockerfile: 37B 0.0s done

                #1 DONE 0.3s


                #2 [internal] load .dockerignore

                #2 transferring context: 2B done

                #2 DONE 0.3s


                #3 [internal] load metadata for
                docker.io/library/golang:1.8.3-alpine

                #3 ERROR: no match for platform in manifest
                sha256:1132c209b1018cbedae7011a0bcb9a0a42a572b2a94e517bfb7180c7d90d4a79:
                not found

                ------
                 > [internal] load metadata for docker.io/library/golang:1.8.3-alpine:
                ------

                failed to solve with frontend dockerfile.v0: failed to create
                LLB definition: no match for platform in manifest
                sha256:1132c209b1018cbedae7011a0bcb9a0a42a572b2a94e517bfb7180c7d90d4a79:
                not found
              proc:
                connected: false
                signalCode: null
                exitCode: 1
                killed: false
                spawnfile: >-
                  /Users/shiv/.garden/tools/docker/fa0336ac33b46eb5/docker/docker
                spawnargs:
                  - >-
                    /Users/shiv/.garden/tools/docker/fa0336ac33b46eb5/docker/docker
                  - build
                  - '-t'
                  - 'backend-image:v-7b27ee2117'
                  - '--build-arg'
                  - GARDEN_MODULE_VERSION=v-7b27ee2117
                  - >-
                    /Users/shiv/Downloads/demo-project-helm/demo-project/.garden/build/backend-image
                pid: 96243
                stdin:
                  connecting: false
                  readable: false
                  writable: false
                  allowHalfOpen: false
                  server: null
                stdout:
                  connecting: false
                  readable: false
                  writable: false
                  allowHalfOpen: false
                  server: null
                stderr:
                  connecting: false
                  readable: false
                  writable: false
                  allowHalfOpen: false
                  server: null
                stdio:
                  - >-
                    ~results~build.backend-image~error~detail~err~detail~result~proc~stdin
                  - >-
                    ~results~build.backend-image~error~detail~err~detail~result~proc~stdout
                  - >-
                    ~results~build.backend-image~error~detail~err~detail~result~proc~stderr
            code: 1
            all: >
              #1 [internal] load build definition from Dockerfile

              #1 transferring dockerfile: 37B 0.0s done

              #1 DONE 0.3s


              #2 [internal] load .dockerignore

              #2 transferring context: 2B done

              #2 DONE 0.3s


              #3 [internal] load metadata for
              docker.io/library/golang:1.8.3-alpine

              #3 ERROR: no match for platform in manifest
              sha256:1132c209b1018cbedae7011a0bcb9a0a42a572b2a94e517bfb7180c7d90d4a79:
              not found

              ------
               > [internal] load metadata for docker.io/library/golang:1.8.3-alpine:
              ------

              failed to solve with frontend dockerfile.v0: failed to create LLB
              definition: no match for platform in manifest
              sha256:1132c209b1018cbedae7011a0bcb9a0a42a572b2a94e517bfb7180c7d90d4a79:
              not found
            stdout: ''
            stderr: >
              #1 [internal] load build definition from Dockerfile

              #1 transferring dockerfile: 37B 0.0s done

              #1 DONE 0.3s


              #2 [internal] load .dockerignore

              #2 transferring context: 2B done

              #2 DONE 0.3s


              #3 [internal] load metadata for
              docker.io/library/golang:1.8.3-alpine

              #3 ERROR: no match for platform in manifest
              sha256:1132c209b1018cbedae7011a0bcb9a0a42a572b2a94e517bfb7180c7d90d4a79:
              not found

              ------
               > [internal] load metadata for docker.io/library/golang:1.8.3-alpine:
              ------

              failed to solve with frontend dockerfile.v0: failed to create LLB
              definition: no match for platform in manifest
              sha256:1132c209b1018cbedae7011a0bcb9a0a42a572b2a94e517bfb7180c7d90d4a79:
              not found
            proc: ~results~build.backend-image~error~detail~err~detail~result~proc
          type: runtime
        args: ~results~build.backend-image~error~detail~err~detail~args
        cwd: >-
          /Users/shiv/Downloads/demo-project-helm/demo-project/.garden/build/backend-image
      type: runtime
    startedAt: '2022-03-09T21:39:24.233Z'
    completedAt: '2022-03-09T21:39:29.858Z'
    batchId: 62ee7cce-1eed-43be-9459-e705e2fd69cf
    version: v-7b27ee2117


[2022-03-09T21:41:32.569Z] Error: Unable to run docker command: Command "/Users/shiv/.garden/tools/docker/fa0336ac33b46eb5/docker/docker build -t backend-image:v-7b27ee2117 --build-arg GARDEN_MODULE_VERSION=v-7b27ee2117 /Users/shiv/Downloads/demo-project-helm/demo-project/.garden/build/backend-image" failed with code 1:

   #1 [internal] load build definition from Dockerfile
#1 transferring dockerfile: 37B 0.0s done
#1 DONE 0.4s

#2 [internal] load .dockerignore
#2 transferring context: 2B done
#2 DONE 0.4s

#3 [internal] load metadata for docker.io/library/golang:1.8.3-alpine
#3 ERROR: no match for platform in manifest sha256:1132c209b1018cbedae7011a0bcb9a0a42a572b2a94e517bfb7180c7d90d4a79: not found
------
> [internal] load metadata for docker.io/library/golang:1.8.3-alpine:
------
failed to solve with frontend dockerfile.v0: failed to create LLB definition: no match for platform in manifest sha256:1132c209b1018cbedae7011a0bcb9a0a42a572b2a94e517bfb7180c7d90d4a79: not found
    at Object.<anonymous> (/snapshot/project/tmp/pkg/cli/node_modules/@garden-io/core/build/src/plugins/container/helpers.js:0)
    at Generator.throw (<anonymous>)
    at rejected (/snapshot/project/tmp/pkg/cli/node_modules/@garden-io/core/build/src/plugins/container/helpers.js:0)

Error Details:

err:
  detail:
    cmd: /Users/shiv/.garden/tools/docker/fa0336ac33b46eb5/docker/docker
    args:
      - build
      - '-t'
      - 'backend-image:v-7b27ee2117'
      - '--build-arg'
      - GARDEN_MODULE_VERSION=v-7b27ee2117
      - >-
        /Users/shiv/Downloads/demo-project-helm/demo-project/.garden/build/backend-image
    opts:
      cwd: >-
        /Users/shiv/Downloads/demo-project-helm/demo-project/.garden/build/backend-image
      timeoutSec: 1200
      ignoreError: false
      env:
        USER: shiv
        COMMAND_MODE: unix2003
        LOGNAME: shiv
        PATH: >-
          /opt/homebrew/opt/openjdk/bin:/Users/shiv/.nvm/versions/node/v10.16.3/bin:/opt/homebrew/bin:/opt/homebrew/sbin:/Users/shiv/personal/web3/sol/stable/solana/bin:/Users/shiv/.local/share/solana/install/active_release/bin:/Applications/Postgres.app/Contents/Versions/9.6/bin:/usr/local/bin:/usr/local/bin:/usr/bin:/bin:/usr/sbin:/sbin:/Applications/VMware
          Fusion.app/Contents/Public:/Library/Apple/usr/bin:/Applications/Postgres.app/Contents/Versions/9.6/bin:/opt/homebrew/opt/openjdk/bin:/opt/homebrew/bin:/opt/homebrew/sbin:/Users/shiv/personal/web3/sol/stable/solana/bin:/Users/shiv/.local/share/solana/install/active_release/bin:/Users/shiv/.cargo/bin:/Users/shiv/Library/Android/sdk/platform-tools:/Users/shiv/Library/Android/sdk/platform-tools
        SSH_AUTH_SOCK: /private/tmp/com.apple.launchd.Us6KdymCfJ/Listeners
        SHELL: /bin/zsh
        HOME: /Users/shiv
        TMPDIR: /var/folders/rl/058w2s6d7cg8f2gzjcw8jtwc0000gn/T/
        XPC_SERVICE_NAME: '0'
        XPC_FLAGS: '0x0'
        ORIGINAL_XDG_CURRENT_DESKTOP: undefined
        PWD: /Users/shiv/Downloads/demo-project-helm/demo-project
        ANDROID_AVD_HOME: /Users/shiv/.android/avd
        APPLICATION_INSIGHTS_NO_DIAGNOSTIC_CHANNEL: 'true'
        MANPATH: >-
          /Users/shiv/.nvm/versions/node/v10.16.3/share/man:/opt/homebrew/share/man:/usr/share/man:/usr/local/share/man:/opt/homebrew/share/man:
        INFOPATH: '/opt/homebrew/share/info:/opt/homebrew/share/info:'
        HOMEBREW_PREFIX: /opt/homebrew
        ITERM_PROFILE: Default
        NVM_DIR: /Users/shiv/.nvm
        NVM_NODEJS_ORG_MIRROR: 'https://nodejs.org/dist'
        LC_TERMINAL_VERSION: 3.4.15
        LC_CTYPE: UTF-8
        TERM: xterm-256color
        TERM_SESSION_ID: 'w0t1p0:8093EB6E-0F81-43ED-B5B4-8CE96C5218B9'
        HOMEBREW_CELLAR: /opt/homebrew/Cellar
        SHLVL: '3'
        HOMEBREW_REPOSITORY: /opt/homebrew
        TERM_PROGRAM_VERSION: 1.64.1
        ANDROID_SDK_ROOT: /Users/shiv/Library/Android/sdk
        NVM_IOJS_ORG_MIRROR: 'https://iojs.org/dist'
        PROMPT: >-
          ${COLOR_USR}%n@%M ${COLOR_DIR}%d
          ${COLOR_GIT}$(parse_git_branch)${COLOR_DEF}${NEWLINE}%% 
        NVM_CD_FLAGS: '-q'
        COLORTERM: truecolor
        COLORFGBG: 7;0
        LC_TERMINAL: iTerm2
        ANDROID_HOME: /Users/shiv/Library/Android/sdk
        TERM_PROGRAM: vscode
        ITERM_SESSION_ID: 'w0t1p0:8093EB6E-0F81-43ED-B5B4-8CE96C5218B9'
        JAVA_HOME: /Library/Java/JavaVirtualMachines/zulu-8.jdk/Contents/Home
        NVM_BIN: /Users/shiv/.nvm/versions/node/v10.16.3/bin
        LANG: en_GB.UTF-8
        VSCODE_GIT_IPC_HANDLE: >-
          /var/folders/rl/058w2s6d7cg8f2gzjcw8jtwc0000gn/T/vscode-git-c5e76f27b4.sock
        GIT_ASKPASS: >-
          /Applications/Visual Studio
          Code.app/Contents/Resources/app/extensions/git/dist/askpass.sh
        VSCODE_GIT_ASKPASS_NODE: /Applications/Visual Studio Code.app/Contents/MacOS/Electron
        VSCODE_GIT_ASKPASS_EXTRA_ARGS: '--ms-enable-electron-run-as-node'
        VSCODE_GIT_ASKPASS_MAIN: >-
          /Applications/Visual Studio
          Code.app/Contents/Resources/app/extensions/git/dist/askpass-main.js
        DOCKER_CLI_EXPERIMENTAL: enabled
        PKG_EXECPATH: /opt/homebrew/Cellar/garden-cli/0.12.35/libexec/garden
      stdout:
        readable: false
        writable: false
        allowHalfOpen: true
        matcher: {}
        overflow: false
      stderr: ~err~detail~opts~stdout
    result:
      code: 1
      all: >
        #1 [internal] load build definition from Dockerfile

        #1 transferring dockerfile: 37B 0.0s done

        #1 DONE 0.4s


        #2 [internal] load .dockerignore

        #2 transferring context: 2B done

        #2 DONE 0.4s


        #3 [internal] load metadata for docker.io/library/golang:1.8.3-alpine

        #3 ERROR: no match for platform in manifest
        sha256:1132c209b1018cbedae7011a0bcb9a0a42a572b2a94e517bfb7180c7d90d4a79:
        not found

        ------
         > [internal] load metadata for docker.io/library/golang:1.8.3-alpine:
        ------

        failed to solve with frontend dockerfile.v0: failed to create LLB
        definition: no match for platform in manifest
        sha256:1132c209b1018cbedae7011a0bcb9a0a42a572b2a94e517bfb7180c7d90d4a79:
        not found
      stdout: ''
      stderr: >
        #1 [internal] load build definition from Dockerfile

        #1 transferring dockerfile: 37B 0.0s done

        #1 DONE 0.4s


        #2 [internal] load .dockerignore

        #2 transferring context: 2B done

        #2 DONE 0.4s


        #3 [internal] load metadata for docker.io/library/golang:1.8.3-alpine

        #3 ERROR: no match for platform in manifest
        sha256:1132c209b1018cbedae7011a0bcb9a0a42a572b2a94e517bfb7180c7d90d4a79:
        not found

        ------
         > [internal] load metadata for docker.io/library/golang:1.8.3-alpine:
        ------

        failed to solve with frontend dockerfile.v0: failed to create LLB
        definition: no match for platform in manifest
        sha256:1132c209b1018cbedae7011a0bcb9a0a42a572b2a94e517bfb7180c7d90d4a79:
        not found
      proc:
        connected: false
        signalCode: null
        exitCode: 1
        killed: false
        spawnfile: /Users/shiv/.garden/tools/docker/fa0336ac33b46eb5/docker/docker
        spawnargs:
          - /Users/shiv/.garden/tools/docker/fa0336ac33b46eb5/docker/docker
          - build
          - '-t'
          - 'backend-image:v-7b27ee2117'
          - '--build-arg'
          - GARDEN_MODULE_VERSION=v-7b27ee2117
          - >-
            /Users/shiv/Downloads/demo-project-helm/demo-project/.garden/build/backend-image
        pid: 96461
        stdin:
          connecting: false
          readable: false
          writable: false
          allowHalfOpen: false
          server: null
        stdout:
          connecting: false
          readable: false
          writable: false
          allowHalfOpen: false
          server: null
        stderr:
          connecting: false
          readable: false
          writable: false
          allowHalfOpen: false
          server: null
        stdio:
          - ~err~detail~result~proc~stdin
          - ~err~detail~result~proc~stdout
          - ~err~detail~result~proc~stderr
    code: 1
    all: >
      #1 [internal] load build definition from Dockerfile

      #1 transferring dockerfile: 37B 0.0s done

      #1 DONE 0.4s


      #2 [internal] load .dockerignore

      #2 transferring context: 2B done

      #2 DONE 0.4s


      #3 [internal] load metadata for docker.io/library/golang:1.8.3-alpine

      #3 ERROR: no match for platform in manifest
      sha256:1132c209b1018cbedae7011a0bcb9a0a42a572b2a94e517bfb7180c7d90d4a79:
      not found

      ------
       > [internal] load metadata for docker.io/library/golang:1.8.3-alpine:
      ------

      failed to solve with frontend dockerfile.v0: failed to create LLB
      definition: no match for platform in manifest
      sha256:1132c209b1018cbedae7011a0bcb9a0a42a572b2a94e517bfb7180c7d90d4a79:
      not found
    stdout: ''
    stderr: >
      #1 [internal] load build definition from Dockerfile

      #1 transferring dockerfile: 37B 0.0s done

      #1 DONE 0.4s


      #2 [internal] load .dockerignore

      #2 transferring context: 2B done

      #2 DONE 0.4s


      #3 [internal] load metadata for docker.io/library/golang:1.8.3-alpine

      #3 ERROR: no match for platform in manifest
      sha256:1132c209b1018cbedae7011a0bcb9a0a42a572b2a94e517bfb7180c7d90d4a79:
      not found

      ------
       > [internal] load metadata for docker.io/library/golang:1.8.3-alpine:
      ------

      failed to solve with frontend dockerfile.v0: failed to create LLB
      definition: no match for platform in manifest
      sha256:1132c209b1018cbedae7011a0bcb9a0a42a572b2a94e517bfb7180c7d90d4a79:
      not found
    proc: ~err~detail~result~proc
  type: runtime
args:
  - build
  - '-t'
  - 'backend-image:v-7b27ee2117'
  - '--build-arg'
  - GARDEN_MODULE_VERSION=v-7b27ee2117
  - >-
    /Users/shiv/Downloads/demo-project-helm/demo-project/.garden/build/backend-image
cwd: >-
  /Users/shiv/Downloads/demo-project-helm/demo-project/.garden/build/backend-image


[2022-03-09T21:41:33.967Z] Error: 1 test task(s) failed!
    at Object.<anonymous> (/snapshot/project/tmp/pkg/cli/node_modules/@garden-io/core/build/src/commands/base.js:0)
    at Generator.next (<anonymous>)
    at /snapshot/project/tmp/pkg/cli/node_modules/@garden-io/core/build/src/commands/base.js:0
    at new Promise (<anonymous>)
    at /snapshot/project/tmp/pkg/cli/node_modules/@garden-io/core/build/src/commands/base.js:0
    at Object.handleProcessResults (/snapshot/project/tmp/pkg/cli/node_modules/@garden-io/core/build/src/commands/base.js:0)
    at TestCommand.<anonymous> (/snapshot/project/tmp/pkg/cli/node_modules/@garden-io/core/build/src/commands/test.js:0)
    at Generator.next (<anonymous>)
    at fulfilled (/snapshot/project/tmp/pkg/cli/node_modules/@garden-io/core/build/src/commands/test.js:0)

Error Details:

results:
  build.backend-image:
    type: build
    description: building backend-image
    key: build.backend-image
    name: backend-image
    error:
      detail:
        err:
          detail:
            cmd: /Users/shiv/.garden/tools/docker/fa0336ac33b46eb5/docker/docker
            args:
              - build
              - '-t'
              - 'backend-image:v-7b27ee2117'
              - '--build-arg'
              - GARDEN_MODULE_VERSION=v-7b27ee2117
              - >-
                /Users/shiv/Downloads/demo-project-helm/demo-project/.garden/build/backend-image
            opts:
              cwd: >-
                /Users/shiv/Downloads/demo-project-helm/demo-project/.garden/build/backend-image
              timeoutSec: 1200
              ignoreError: false
              env:
                USER: shiv
                COMMAND_MODE: unix2003
                LOGNAME: shiv
                PATH: >-
                  /opt/homebrew/opt/openjdk/bin:/Users/shiv/.nvm/versions/node/v10.16.3/bin:/opt/homebrew/bin:/opt/homebrew/sbin:/Users/shiv/personal/web3/sol/stable/solana/bin:/Users/shiv/.local/share/solana/install/active_release/bin:/Applications/Postgres.app/Contents/Versions/9.6/bin:/usr/local/bin:/usr/local/bin:/usr/bin:/bin:/usr/sbin:/sbin:/Applications/VMware
                  Fusion.app/Contents/Public:/Library/Apple/usr/bin:/Applications/Postgres.app/Contents/Versions/9.6/bin:/opt/homebrew/opt/openjdk/bin:/opt/homebrew/bin:/opt/homebrew/sbin:/Users/shiv/personal/web3/sol/stable/solana/bin:/Users/shiv/.local/share/solana/install/active_release/bin:/Users/shiv/.cargo/bin:/Users/shiv/Library/Android/sdk/platform-tools:/Users/shiv/Library/Android/sdk/platform-tools
                SSH_AUTH_SOCK: /private/tmp/com.apple.launchd.Us6KdymCfJ/Listeners
                SHELL: /bin/zsh
                HOME: /Users/shiv
                TMPDIR: /var/folders/rl/058w2s6d7cg8f2gzjcw8jtwc0000gn/T/
                XPC_SERVICE_NAME: '0'
                XPC_FLAGS: '0x0'
                ORIGINAL_XDG_CURRENT_DESKTOP: undefined
                PWD: /Users/shiv/Downloads/demo-project-helm/demo-project
                ANDROID_AVD_HOME: /Users/shiv/.android/avd
                APPLICATION_INSIGHTS_NO_DIAGNOSTIC_CHANNEL: 'true'
                MANPATH: >-
                  /Users/shiv/.nvm/versions/node/v10.16.3/share/man:/opt/homebrew/share/man:/usr/share/man:/usr/local/share/man:/opt/homebrew/share/man:
                INFOPATH: '/opt/homebrew/share/info:/opt/homebrew/share/info:'
                HOMEBREW_PREFIX: /opt/homebrew
                ITERM_PROFILE: Default
                NVM_DIR: /Users/shiv/.nvm
                NVM_NODEJS_ORG_MIRROR: 'https://nodejs.org/dist'
                LC_TERMINAL_VERSION: 3.4.15
                LC_CTYPE: UTF-8
                TERM: xterm-256color
                TERM_SESSION_ID: 'w0t1p0:8093EB6E-0F81-43ED-B5B4-8CE96C5218B9'
                HOMEBREW_CELLAR: /opt/homebrew/Cellar
                SHLVL: '3'
                HOMEBREW_REPOSITORY: /opt/homebrew
                TERM_PROGRAM_VERSION: 1.64.1
                ANDROID_SDK_ROOT: /Users/shiv/Library/Android/sdk
                NVM_IOJS_ORG_MIRROR: 'https://iojs.org/dist'
                PROMPT: >-
                  ${COLOR_USR}%n@%M ${COLOR_DIR}%d
                  ${COLOR_GIT}$(parse_git_branch)${COLOR_DEF}${NEWLINE}%% 
                NVM_CD_FLAGS: '-q'
                COLORTERM: truecolor
                COLORFGBG: 7;0
                LC_TERMINAL: iTerm2
                ANDROID_HOME: /Users/shiv/Library/Android/sdk
                TERM_PROGRAM: vscode
                ITERM_SESSION_ID: 'w0t1p0:8093EB6E-0F81-43ED-B5B4-8CE96C5218B9'
                JAVA_HOME: /Library/Java/JavaVirtualMachines/zulu-8.jdk/Contents/Home
                NVM_BIN: /Users/shiv/.nvm/versions/node/v10.16.3/bin
                LANG: en_GB.UTF-8
                VSCODE_GIT_IPC_HANDLE: >-
                  /var/folders/rl/058w2s6d7cg8f2gzjcw8jtwc0000gn/T/vscode-git-c5e76f27b4.sock
                GIT_ASKPASS: >-
                  /Applications/Visual Studio
                  Code.app/Contents/Resources/app/extensions/git/dist/askpass.sh
                VSCODE_GIT_ASKPASS_NODE: /Applications/Visual Studio Code.app/Contents/MacOS/Electron
                VSCODE_GIT_ASKPASS_EXTRA_ARGS: '--ms-enable-electron-run-as-node'
                VSCODE_GIT_ASKPASS_MAIN: >-
                  /Applications/Visual Studio
                  Code.app/Contents/Resources/app/extensions/git/dist/askpass-main.js
                DOCKER_CLI_EXPERIMENTAL: enabled
                PKG_EXECPATH: /opt/homebrew/Cellar/garden-cli/0.12.35/libexec/garden
              stdout:
                readable: false
                writable: false
                allowHalfOpen: true
                matcher: {}
                overflow: false
              stderr: ~results~build.backend-image~error~detail~err~detail~opts~stdout
            result:
              code: 1
              all: >
                #1 [internal] load build definition from Dockerfile

                #1 transferring dockerfile: 37B 0.0s done

                #1 DONE 0.4s


                #2 [internal] load .dockerignore

                #2 transferring context: 2B done

                #2 DONE 0.4s


                #3 [internal] load metadata for
                docker.io/library/golang:1.8.3-alpine

                #3 ERROR: no match for platform in manifest
                sha256:1132c209b1018cbedae7011a0bcb9a0a42a572b2a94e517bfb7180c7d90d4a79:
                not found

                ------
                 > [internal] load metadata for docker.io/library/golang:1.8.3-alpine:
                ------

                failed to solve with frontend dockerfile.v0: failed to create
                LLB definition: no match for platform in manifest
                sha256:1132c209b1018cbedae7011a0bcb9a0a42a572b2a94e517bfb7180c7d90d4a79:
                not found
              stdout: ''
              stderr: >
                #1 [internal] load build definition from Dockerfile

                #1 transferring dockerfile: 37B 0.0s done

                #1 DONE 0.4s


                #2 [internal] load .dockerignore

                #2 transferring context: 2B done

                #2 DONE 0.4s


                #3 [internal] load metadata for
                docker.io/library/golang:1.8.3-alpine

                #3 ERROR: no match for platform in manifest
                sha256:1132c209b1018cbedae7011a0bcb9a0a42a572b2a94e517bfb7180c7d90d4a79:
                not found

                ------
                 > [internal] load metadata for docker.io/library/golang:1.8.3-alpine:
                ------

                failed to solve with frontend dockerfile.v0: failed to create
                LLB definition: no match for platform in manifest
                sha256:1132c209b1018cbedae7011a0bcb9a0a42a572b2a94e517bfb7180c7d90d4a79:
                not found
              proc:
                connected: false
                signalCode: null
                exitCode: 1
                killed: false
                spawnfile: >-
                  /Users/shiv/.garden/tools/docker/fa0336ac33b46eb5/docker/docker
                spawnargs:
                  - >-
                    /Users/shiv/.garden/tools/docker/fa0336ac33b46eb5/docker/docker
                  - build
                  - '-t'
                  - 'backend-image:v-7b27ee2117'
                  - '--build-arg'
                  - GARDEN_MODULE_VERSION=v-7b27ee2117
                  - >-
                    /Users/shiv/Downloads/demo-project-helm/demo-project/.garden/build/backend-image
                pid: 96461
                stdin:
                  connecting: false
                  readable: false
                  writable: false
                  allowHalfOpen: false
                  server: null
                stdout:
                  connecting: false
                  readable: false
                  writable: false
                  allowHalfOpen: false
                  server: null
                stderr:
                  connecting: false
                  readable: false
                  writable: false
                  allowHalfOpen: false
                  server: null
                stdio:
                  - >-
                    ~results~build.backend-image~error~detail~err~detail~result~proc~stdin
                  - >-
                    ~results~build.backend-image~error~detail~err~detail~result~proc~stdout
                  - >-
                    ~results~build.backend-image~error~detail~err~detail~result~proc~stderr
            code: 1
            all: >
              #1 [internal] load build definition from Dockerfile

              #1 transferring dockerfile: 37B 0.0s done

              #1 DONE 0.4s


              #2 [internal] load .dockerignore

              #2 transferring context: 2B done

              #2 DONE 0.4s


              #3 [internal] load metadata for
              docker.io/library/golang:1.8.3-alpine

              #3 ERROR: no match for platform in manifest
              sha256:1132c209b1018cbedae7011a0bcb9a0a42a572b2a94e517bfb7180c7d90d4a79:
              not found

              ------
               > [internal] load metadata for docker.io/library/golang:1.8.3-alpine:
              ------

              failed to solve with frontend dockerfile.v0: failed to create LLB
              definition: no match for platform in manifest
              sha256:1132c209b1018cbedae7011a0bcb9a0a42a572b2a94e517bfb7180c7d90d4a79:
              not found
            stdout: ''
            stderr: >
              #1 [internal] load build definition from Dockerfile

              #1 transferring dockerfile: 37B 0.0s done

              #1 DONE 0.4s


              #2 [internal] load .dockerignore

              #2 transferring context: 2B done

              #2 DONE 0.4s


              #3 [internal] load metadata for
              docker.io/library/golang:1.8.3-alpine

              #3 ERROR: no match for platform in manifest
              sha256:1132c209b1018cbedae7011a0bcb9a0a42a572b2a94e517bfb7180c7d90d4a79:
              not found

              ------
               > [internal] load metadata for docker.io/library/golang:1.8.3-alpine:
              ------

              failed to solve with frontend dockerfile.v0: failed to create LLB
              definition: no match for platform in manifest
              sha256:1132c209b1018cbedae7011a0bcb9a0a42a572b2a94e517bfb7180c7d90d4a79:
              not found
            proc: ~results~build.backend-image~error~detail~err~detail~result~proc
          type: runtime
        args: ~results~build.backend-image~error~detail~err~detail~args
        cwd: >-
          /Users/shiv/Downloads/demo-project-helm/demo-project/.garden/build/backend-image
      type: runtime
    startedAt: '2022-03-09T21:41:25.317Z'
    completedAt: '2022-03-09T21:41:32.538Z'
    batchId: f75969f1-acf3-4b58-b292-9f18db5faf13
    version: v-7b27ee2117


[2022-03-09T21:41:53.503Z] Error: Unable to run docker command: Command "/Users/shiv/.garden/tools/docker/fa0336ac33b46eb5/docker/docker build -t backend-image:v-7b27ee2117 --build-arg GARDEN_MODULE_VERSION=v-7b27ee2117 /Users/shiv/Downloads/demo-project-helm/demo-project/.garden/build/backend-image" failed with code 1:

   #1 [internal] load build definition from Dockerfile
#1 transferring dockerfile: 37B 0.0s done
#1 DONE 0.1s

#2 [internal] load .dockerignore
#2 transferring context: 2B done
#2 DONE 0.0s

#3 [internal] load metadata for docker.io/library/golang:1.8.3-alpine
#3 ERROR: no match for platform in manifest sha256:1132c209b1018cbedae7011a0bcb9a0a42a572b2a94e517bfb7180c7d90d4a79: not found
------
> [internal] load metadata for docker.io/library/golang:1.8.3-alpine:
------
failed to solve with frontend dockerfile.v0: failed to create LLB definition: no match for platform in manifest sha256:1132c209b1018cbedae7011a0bcb9a0a42a572b2a94e517bfb7180c7d90d4a79: not found
    at Object.<anonymous> (/snapshot/project/tmp/pkg/cli/node_modules/@garden-io/core/build/src/plugins/container/helpers.js:0)
    at Generator.throw (<anonymous>)
    at rejected (/snapshot/project/tmp/pkg/cli/node_modules/@garden-io/core/build/src/plugins/container/helpers.js:0)

Error Details:

err:
  detail:
    cmd: /Users/shiv/.garden/tools/docker/fa0336ac33b46eb5/docker/docker
    args:
      - build
      - '-t'
      - 'backend-image:v-7b27ee2117'
      - '--build-arg'
      - GARDEN_MODULE_VERSION=v-7b27ee2117
      - >-
        /Users/shiv/Downloads/demo-project-helm/demo-project/.garden/build/backend-image
    opts:
      cwd: >-
        /Users/shiv/Downloads/demo-project-helm/demo-project/.garden/build/backend-image
      timeoutSec: 1200
      ignoreError: false
      env:
        USER: shiv
        COMMAND_MODE: unix2003
        LOGNAME: shiv
        PATH: >-
          /opt/homebrew/opt/openjdk/bin:/Users/shiv/.nvm/versions/node/v10.16.3/bin:/opt/homebrew/bin:/opt/homebrew/sbin:/Users/shiv/personal/web3/sol/stable/solana/bin:/Users/shiv/.local/share/solana/install/active_release/bin:/Applications/Postgres.app/Contents/Versions/9.6/bin:/usr/local/bin:/usr/local/bin:/usr/bin:/bin:/usr/sbin:/sbin:/Applications/VMware
          Fusion.app/Contents/Public:/Library/Apple/usr/bin:/Applications/Postgres.app/Contents/Versions/9.6/bin:/opt/homebrew/opt/openjdk/bin:/opt/homebrew/bin:/opt/homebrew/sbin:/Users/shiv/personal/web3/sol/stable/solana/bin:/Users/shiv/.local/share/solana/install/active_release/bin:/Users/shiv/.cargo/bin:/Users/shiv/Library/Android/sdk/platform-tools:/Users/shiv/Library/Android/sdk/platform-tools
        SSH_AUTH_SOCK: /private/tmp/com.apple.launchd.Us6KdymCfJ/Listeners
        SHELL: /bin/zsh
        HOME: /Users/shiv
        TMPDIR: /var/folders/rl/058w2s6d7cg8f2gzjcw8jtwc0000gn/T/
        XPC_SERVICE_NAME: '0'
        XPC_FLAGS: '0x0'
        ORIGINAL_XDG_CURRENT_DESKTOP: undefined
        PWD: /Users/shiv/Downloads/demo-project-helm/demo-project
        ANDROID_AVD_HOME: /Users/shiv/.android/avd
        APPLICATION_INSIGHTS_NO_DIAGNOSTIC_CHANNEL: 'true'
        MANPATH: >-
          /Users/shiv/.nvm/versions/node/v10.16.3/share/man:/opt/homebrew/share/man:/usr/share/man:/usr/local/share/man:/opt/homebrew/share/man:
        INFOPATH: '/opt/homebrew/share/info:/opt/homebrew/share/info:'
        HOMEBREW_PREFIX: /opt/homebrew
        ITERM_PROFILE: Default
        NVM_DIR: /Users/shiv/.nvm
        NVM_NODEJS_ORG_MIRROR: 'https://nodejs.org/dist'
        LC_TERMINAL_VERSION: 3.4.15
        LC_CTYPE: UTF-8
        TERM: xterm-256color
        TERM_SESSION_ID: 'w0t1p0:8093EB6E-0F81-43ED-B5B4-8CE96C5218B9'
        HOMEBREW_CELLAR: /opt/homebrew/Cellar
        SHLVL: '3'
        HOMEBREW_REPOSITORY: /opt/homebrew
        TERM_PROGRAM_VERSION: 1.64.1
        ANDROID_SDK_ROOT: /Users/shiv/Library/Android/sdk
        NVM_IOJS_ORG_MIRROR: 'https://iojs.org/dist'
        PROMPT: >-
          ${COLOR_USR}%n@%M ${COLOR_DIR}%d
          ${COLOR_GIT}$(parse_git_branch)${COLOR_DEF}${NEWLINE}%% 
        NVM_CD_FLAGS: '-q'
        COLORTERM: truecolor
        COLORFGBG: 7;0
        LC_TERMINAL: iTerm2
        ANDROID_HOME: /Users/shiv/Library/Android/sdk
        TERM_PROGRAM: vscode
        ITERM_SESSION_ID: 'w0t1p0:8093EB6E-0F81-43ED-B5B4-8CE96C5218B9'
        JAVA_HOME: /Library/Java/JavaVirtualMachines/zulu-8.jdk/Contents/Home
        NVM_BIN: /Users/shiv/.nvm/versions/node/v10.16.3/bin
        LANG: en_GB.UTF-8
        VSCODE_GIT_IPC_HANDLE: >-
          /var/folders/rl/058w2s6d7cg8f2gzjcw8jtwc0000gn/T/vscode-git-c5e76f27b4.sock
        GIT_ASKPASS: >-
          /Applications/Visual Studio
          Code.app/Contents/Resources/app/extensions/git/dist/askpass.sh
        VSCODE_GIT_ASKPASS_NODE: /Applications/Visual Studio Code.app/Contents/MacOS/Electron
        VSCODE_GIT_ASKPASS_EXTRA_ARGS: '--ms-enable-electron-run-as-node'
        VSCODE_GIT_ASKPASS_MAIN: >-
          /Applications/Visual Studio
          Code.app/Contents/Resources/app/extensions/git/dist/askpass-main.js
        DOCKER_CLI_EXPERIMENTAL: enabled
        PKG_EXECPATH: /opt/homebrew/Cellar/garden-cli/0.12.35/libexec/garden
      stdout:
        readable: false
        writable: false
        allowHalfOpen: true
        matcher: {}
        overflow: false
      stderr: ~err~detail~opts~stdout
    result:
      code: 1
      all: >
        #1 [internal] load build definition from Dockerfile

        #1 transferring dockerfile: 37B 0.0s done

        #1 DONE 0.1s


        #2 [internal] load .dockerignore

        #2 transferring context: 2B done

        #2 DONE 0.0s


        #3 [internal] load metadata for docker.io/library/golang:1.8.3-alpine

        #3 ERROR: no match for platform in manifest
        sha256:1132c209b1018cbedae7011a0bcb9a0a42a572b2a94e517bfb7180c7d90d4a79:
        not found

        ------
         > [internal] load metadata for docker.io/library/golang:1.8.3-alpine:
        ------

        failed to solve with frontend dockerfile.v0: failed to create LLB
        definition: no match for platform in manifest
        sha256:1132c209b1018cbedae7011a0bcb9a0a42a572b2a94e517bfb7180c7d90d4a79:
        not found
      stdout: ''
      stderr: >
        #1 [internal] load build definition from Dockerfile

        #1 transferring dockerfile: 37B 0.0s done

        #1 DONE 0.1s


        #2 [internal] load .dockerignore

        #2 transferring context: 2B done

        #2 DONE 0.0s


        #3 [internal] load metadata for docker.io/library/golang:1.8.3-alpine

        #3 ERROR: no match for platform in manifest
        sha256:1132c209b1018cbedae7011a0bcb9a0a42a572b2a94e517bfb7180c7d90d4a79:
        not found

        ------
         > [internal] load metadata for docker.io/library/golang:1.8.3-alpine:
        ------

        failed to solve with frontend dockerfile.v0: failed to create LLB
        definition: no match for platform in manifest
        sha256:1132c209b1018cbedae7011a0bcb9a0a42a572b2a94e517bfb7180c7d90d4a79:
        not found
      proc:
        connected: false
        signalCode: null
        exitCode: 1
        killed: false
        spawnfile: /Users/shiv/.garden/tools/docker/fa0336ac33b46eb5/docker/docker
        spawnargs:
          - /Users/shiv/.garden/tools/docker/fa0336ac33b46eb5/docker/docker
          - build
          - '-t'
          - 'backend-image:v-7b27ee2117'
          - '--build-arg'
          - GARDEN_MODULE_VERSION=v-7b27ee2117
          - >-
            /Users/shiv/Downloads/demo-project-helm/demo-project/.garden/build/backend-image
        pid: 96534
        stdin:
          connecting: false
          readable: false
          writable: false
          allowHalfOpen: false
          server: null
        stdout:
          connecting: false
          readable: false
          writable: false
          allowHalfOpen: false
          server: null
        stderr:
          connecting: false
          readable: false
          writable: false
          allowHalfOpen: false
          server: null
        stdio:
          - ~err~detail~result~proc~stdin
          - ~err~detail~result~proc~stdout
          - ~err~detail~result~proc~stderr
    code: 1
    all: >
      #1 [internal] load build definition from Dockerfile

      #1 transferring dockerfile: 37B 0.0s done

      #1 DONE 0.1s


      #2 [internal] load .dockerignore

      #2 transferring context: 2B done

      #2 DONE 0.0s


      #3 [internal] load metadata for docker.io/library/golang:1.8.3-alpine

      #3 ERROR: no match for platform in manifest
      sha256:1132c209b1018cbedae7011a0bcb9a0a42a572b2a94e517bfb7180c7d90d4a79:
      not found

      ------
       > [internal] load metadata for docker.io/library/golang:1.8.3-alpine:
      ------

      failed to solve with frontend dockerfile.v0: failed to create LLB
      definition: no match for platform in manifest
      sha256:1132c209b1018cbedae7011a0bcb9a0a42a572b2a94e517bfb7180c7d90d4a79:
      not found
    stdout: ''
    stderr: >
      #1 [internal] load build definition from Dockerfile

      #1 transferring dockerfile: 37B 0.0s done

      #1 DONE 0.1s


      #2 [internal] load .dockerignore

      #2 transferring context: 2B done

      #2 DONE 0.0s


      #3 [internal] load metadata for docker.io/library/golang:1.8.3-alpine

      #3 ERROR: no match for platform in manifest
      sha256:1132c209b1018cbedae7011a0bcb9a0a42a572b2a94e517bfb7180c7d90d4a79:
      not found

      ------
       > [internal] load metadata for docker.io/library/golang:1.8.3-alpine:
      ------

      failed to solve with frontend dockerfile.v0: failed to create LLB
      definition: no match for platform in manifest
      sha256:1132c209b1018cbedae7011a0bcb9a0a42a572b2a94e517bfb7180c7d90d4a79:
      not found
    proc: ~err~detail~result~proc
  type: runtime
args:
  - build
  - '-t'
  - 'backend-image:v-7b27ee2117'
  - '--build-arg'
  - GARDEN_MODULE_VERSION=v-7b27ee2117
  - >-
    /Users/shiv/Downloads/demo-project-helm/demo-project/.garden/build/backend-image
cwd: >-
  /Users/shiv/Downloads/demo-project-helm/demo-project/.garden/build/backend-image


[2022-03-09T21:41:53.546Z] Error: 1 deploy task(s) failed!
    at Object.<anonymous> (/snapshot/project/tmp/pkg/cli/node_modules/@garden-io/core/build/src/commands/base.js:0)
    at Generator.next (<anonymous>)
    at /snapshot/project/tmp/pkg/cli/node_modules/@garden-io/core/build/src/commands/base.js:0
    at new Promise (<anonymous>)
    at /snapshot/project/tmp/pkg/cli/node_modules/@garden-io/core/build/src/commands/base.js:0
    at Object.handleProcessResults (/snapshot/project/tmp/pkg/cli/node_modules/@garden-io/core/build/src/commands/base.js:0)
    at DeployCommand.<anonymous> (/snapshot/project/tmp/pkg/cli/node_modules/@garden-io/core/build/src/commands/deploy.js:0)
    at Generator.next (<anonymous>)
    at fulfilled (/snapshot/project/tmp/pkg/cli/node_modules/@garden-io/core/build/src/commands/deploy.js:0)

Error Details:

results:
  build.backend-image:
    type: build
    description: building backend-image
    key: build.backend-image
    name: backend-image
    error:
      detail:
        err:
          detail:
            cmd: /Users/shiv/.garden/tools/docker/fa0336ac33b46eb5/docker/docker
            args:
              - build
              - '-t'
              - 'backend-image:v-7b27ee2117'
              - '--build-arg'
              - GARDEN_MODULE_VERSION=v-7b27ee2117
              - >-
                /Users/shiv/Downloads/demo-project-helm/demo-project/.garden/build/backend-image
            opts:
              cwd: >-
                /Users/shiv/Downloads/demo-project-helm/demo-project/.garden/build/backend-image
              timeoutSec: 1200
              ignoreError: false
              env:
                USER: shiv
                COMMAND_MODE: unix2003
                LOGNAME: shiv
                PATH: >-
                  /opt/homebrew/opt/openjdk/bin:/Users/shiv/.nvm/versions/node/v10.16.3/bin:/opt/homebrew/bin:/opt/homebrew/sbin:/Users/shiv/personal/web3/sol/stable/solana/bin:/Users/shiv/.local/share/solana/install/active_release/bin:/Applications/Postgres.app/Contents/Versions/9.6/bin:/usr/local/bin:/usr/local/bin:/usr/bin:/bin:/usr/sbin:/sbin:/Applications/VMware
                  Fusion.app/Contents/Public:/Library/Apple/usr/bin:/Applications/Postgres.app/Contents/Versions/9.6/bin:/opt/homebrew/opt/openjdk/bin:/opt/homebrew/bin:/opt/homebrew/sbin:/Users/shiv/personal/web3/sol/stable/solana/bin:/Users/shiv/.local/share/solana/install/active_release/bin:/Users/shiv/.cargo/bin:/Users/shiv/Library/Android/sdk/platform-tools:/Users/shiv/Library/Android/sdk/platform-tools
                SSH_AUTH_SOCK: /private/tmp/com.apple.launchd.Us6KdymCfJ/Listeners
                SHELL: /bin/zsh
                HOME: /Users/shiv
                TMPDIR: /var/folders/rl/058w2s6d7cg8f2gzjcw8jtwc0000gn/T/
                XPC_SERVICE_NAME: '0'
                XPC_FLAGS: '0x0'
                ORIGINAL_XDG_CURRENT_DESKTOP: undefined
                PWD: /Users/shiv/Downloads/demo-project-helm/demo-project
                ANDROID_AVD_HOME: /Users/shiv/.android/avd
                APPLICATION_INSIGHTS_NO_DIAGNOSTIC_CHANNEL: 'true'
                MANPATH: >-
                  /Users/shiv/.nvm/versions/node/v10.16.3/share/man:/opt/homebrew/share/man:/usr/share/man:/usr/local/share/man:/opt/homebrew/share/man:
                INFOPATH: '/opt/homebrew/share/info:/opt/homebrew/share/info:'
                HOMEBREW_PREFIX: /opt/homebrew
                ITERM_PROFILE: Default
                NVM_DIR: /Users/shiv/.nvm
                NVM_NODEJS_ORG_MIRROR: 'https://nodejs.org/dist'
                LC_TERMINAL_VERSION: 3.4.15
                LC_CTYPE: UTF-8
                TERM: xterm-256color
                TERM_SESSION_ID: 'w0t1p0:8093EB6E-0F81-43ED-B5B4-8CE96C5218B9'
                HOMEBREW_CELLAR: /opt/homebrew/Cellar
                SHLVL: '3'
                HOMEBREW_REPOSITORY: /opt/homebrew
                TERM_PROGRAM_VERSION: 1.64.1
                ANDROID_SDK_ROOT: /Users/shiv/Library/Android/sdk
                NVM_IOJS_ORG_MIRROR: 'https://iojs.org/dist'
                PROMPT: >-
                  ${COLOR_USR}%n@%M ${COLOR_DIR}%d
                  ${COLOR_GIT}$(parse_git_branch)${COLOR_DEF}${NEWLINE}%% 
                NVM_CD_FLAGS: '-q'
                COLORTERM: truecolor
                COLORFGBG: 7;0
                LC_TERMINAL: iTerm2
                ANDROID_HOME: /Users/shiv/Library/Android/sdk
                TERM_PROGRAM: vscode
                ITERM_SESSION_ID: 'w0t1p0:8093EB6E-0F81-43ED-B5B4-8CE96C5218B9'
                JAVA_HOME: /Library/Java/JavaVirtualMachines/zulu-8.jdk/Contents/Home
                NVM_BIN: /Users/shiv/.nvm/versions/node/v10.16.3/bin
                LANG: en_GB.UTF-8
                VSCODE_GIT_IPC_HANDLE: >-
                  /var/folders/rl/058w2s6d7cg8f2gzjcw8jtwc0000gn/T/vscode-git-c5e76f27b4.sock
                GIT_ASKPASS: >-
                  /Applications/Visual Studio
                  Code.app/Contents/Resources/app/extensions/git/dist/askpass.sh
                VSCODE_GIT_ASKPASS_NODE: /Applications/Visual Studio Code.app/Contents/MacOS/Electron
                VSCODE_GIT_ASKPASS_EXTRA_ARGS: '--ms-enable-electron-run-as-node'
                VSCODE_GIT_ASKPASS_MAIN: >-
                  /Applications/Visual Studio
                  Code.app/Contents/Resources/app/extensions/git/dist/askpass-main.js
                DOCKER_CLI_EXPERIMENTAL: enabled
                PKG_EXECPATH: /opt/homebrew/Cellar/garden-cli/0.12.35/libexec/garden
              stdout:
                readable: false
                writable: false
                allowHalfOpen: true
                matcher: {}
                overflow: false
              stderr: ~results~build.backend-image~error~detail~err~detail~opts~stdout
            result:
              code: 1
              all: >
                #1 [internal] load build definition from Dockerfile

                #1 transferring dockerfile: 37B 0.0s done

                #1 DONE 0.1s


                #2 [internal] load .dockerignore

                #2 transferring context: 2B done

                #2 DONE 0.0s


                #3 [internal] load metadata for
                docker.io/library/golang:1.8.3-alpine

                #3 ERROR: no match for platform in manifest
                sha256:1132c209b1018cbedae7011a0bcb9a0a42a572b2a94e517bfb7180c7d90d4a79:
                not found

                ------
                 > [internal] load metadata for docker.io/library/golang:1.8.3-alpine:
                ------

                failed to solve with frontend dockerfile.v0: failed to create
                LLB definition: no match for platform in manifest
                sha256:1132c209b1018cbedae7011a0bcb9a0a42a572b2a94e517bfb7180c7d90d4a79:
                not found
              stdout: ''
              stderr: >
                #1 [internal] load build definition from Dockerfile

                #1 transferring dockerfile: 37B 0.0s done

                #1 DONE 0.1s


                #2 [internal] load .dockerignore

                #2 transferring context: 2B done

                #2 DONE 0.0s


                #3 [internal] load metadata for
                docker.io/library/golang:1.8.3-alpine

                #3 ERROR: no match for platform in manifest
                sha256:1132c209b1018cbedae7011a0bcb9a0a42a572b2a94e517bfb7180c7d90d4a79:
                not found

                ------
                 > [internal] load metadata for docker.io/library/golang:1.8.3-alpine:
                ------

                failed to solve with frontend dockerfile.v0: failed to create
                LLB definition: no match for platform in manifest
                sha256:1132c209b1018cbedae7011a0bcb9a0a42a572b2a94e517bfb7180c7d90d4a79:
                not found
              proc:
                connected: false
                signalCode: null
                exitCode: 1
                killed: false
                spawnfile: >-
                  /Users/shiv/.garden/tools/docker/fa0336ac33b46eb5/docker/docker
                spawnargs:
                  - >-
                    /Users/shiv/.garden/tools/docker/fa0336ac33b46eb5/docker/docker
                  - build
                  - '-t'
                  - 'backend-image:v-7b27ee2117'
                  - '--build-arg'
                  - GARDEN_MODULE_VERSION=v-7b27ee2117
                  - >-
                    /Users/shiv/Downloads/demo-project-helm/demo-project/.garden/build/backend-image
                pid: 96534
                stdin:
                  connecting: false
                  readable: false
                  writable: false
                  allowHalfOpen: false
                  server: null
                stdout:
                  connecting: false
                  readable: false
                  writable: false
                  allowHalfOpen: false
                  server: null
                stderr:
                  connecting: false
                  readable: false
                  writable: false
                  allowHalfOpen: false
                  server: null
                stdio:
                  - >-
                    ~results~build.backend-image~error~detail~err~detail~result~proc~stdin
                  - >-
                    ~results~build.backend-image~error~detail~err~detail~result~proc~stdout
                  - >-
                    ~results~build.backend-image~error~detail~err~detail~result~proc~stderr
            code: 1
            all: >
              #1 [internal] load build definition from Dockerfile

              #1 transferring dockerfile: 37B 0.0s done

              #1 DONE 0.1s


              #2 [internal] load .dockerignore

              #2 transferring context: 2B done

              #2 DONE 0.0s


              #3 [internal] load metadata for
              docker.io/library/golang:1.8.3-alpine

              #3 ERROR: no match for platform in manifest
              sha256:1132c209b1018cbedae7011a0bcb9a0a42a572b2a94e517bfb7180c7d90d4a79:
              not found

              ------
               > [internal] load metadata for docker.io/library/golang:1.8.3-alpine:
              ------

              failed to solve with frontend dockerfile.v0: failed to create LLB
              definition: no match for platform in manifest
              sha256:1132c209b1018cbedae7011a0bcb9a0a42a572b2a94e517bfb7180c7d90d4a79:
              not found
            stdout: ''
            stderr: >
              #1 [internal] load build definition from Dockerfile

              #1 transferring dockerfile: 37B 0.0s done

              #1 DONE 0.1s


              #2 [internal] load .dockerignore

              #2 transferring context: 2B done

              #2 DONE 0.0s


              #3 [internal] load metadata for
              docker.io/library/golang:1.8.3-alpine

              #3 ERROR: no match for platform in manifest
              sha256:1132c209b1018cbedae7011a0bcb9a0a42a572b2a94e517bfb7180c7d90d4a79:
              not found

              ------
               > [internal] load metadata for docker.io/library/golang:1.8.3-alpine:
              ------

              failed to solve with frontend dockerfile.v0: failed to create LLB
              definition: no match for platform in manifest
              sha256:1132c209b1018cbedae7011a0bcb9a0a42a572b2a94e517bfb7180c7d90d4a79:
              not found
            proc: ~results~build.backend-image~error~detail~err~detail~result~proc
          type: runtime
        args: ~results~build.backend-image~error~detail~err~detail~args
        cwd: >-
          /Users/shiv/Downloads/demo-project-helm/demo-project/.garden/build/backend-image
      type: runtime
    startedAt: '2022-03-09T21:41:48.216Z'
    completedAt: '2022-03-09T21:41:53.453Z'
    batchId: 8e082159-cc65-457c-b7a3-4ac9c4c858f7
    version: v-7b27ee2117

